Using pre-set license
Built from '2022.3/staging' branch; Version is '2022.3.15f1 (b58023a2b463) revision 11894819'; Using compiler version '192829333'; Build Type 'Release'
OS: 'Windows 11  (10.0.22631) 64bit Professional' Language: 'en' Physical Memory: 32606 MB
BatchMode: 1, IsHumanControllingUs: 0, StartBugReporterOnCrash: 0, Is64bit: 1, IsPro: 1

COMMAND LINE ARGUMENTS:
D:\2022.3.15f1\Editor\Unity.exe
-adb2
-batchMode
-noUpm
-name
AssetImportWorker0
-projectPath
D:/Unity Projects D/FriedEgg
-logFile
Logs/AssetImportWorker0.log
-srvPort
59348
Successfully changed project path to: D:/Unity Projects D/FriedEgg
D:/Unity Projects D/FriedEgg
[UnityMemory] Configuration Parameters - Can be set up in boot.config
    "memorysetup-bucket-allocator-granularity=16"
    "memorysetup-bucket-allocator-bucket-count=8"
    "memorysetup-bucket-allocator-block-size=33554432"
    "memorysetup-bucket-allocator-block-count=8"
    "memorysetup-main-allocator-block-size=16777216"
    "memorysetup-thread-allocator-block-size=16777216"
    "memorysetup-gfx-main-allocator-block-size=16777216"
    "memorysetup-gfx-thread-allocator-block-size=16777216"
    "memorysetup-cache-allocator-block-size=4194304"
    "memorysetup-typetree-allocator-block-size=2097152"
    "memorysetup-profiler-bucket-allocator-granularity=16"
    "memorysetup-profiler-bucket-allocator-bucket-count=8"
    "memorysetup-profiler-bucket-allocator-block-size=33554432"
    "memorysetup-profiler-bucket-allocator-block-count=8"
    "memorysetup-profiler-allocator-block-size=16777216"
    "memorysetup-profiler-editor-allocator-block-size=1048576"
    "memorysetup-temp-allocator-size-main=16777216"
    "memorysetup-job-temp-allocator-block-size=2097152"
    "memorysetup-job-temp-allocator-block-size-background=1048576"
    "memorysetup-job-temp-allocator-reduction-small-platforms=262144"
    "memorysetup-allocator-temp-initial-block-size-main=262144"
    "memorysetup-allocator-temp-initial-block-size-worker=262144"
    "memorysetup-temp-allocator-size-background-worker=32768"
    "memorysetup-temp-allocator-size-job-worker=262144"
    "memorysetup-temp-allocator-size-preload-manager=33554432"
    "memorysetup-temp-allocator-size-nav-mesh-worker=65536"
    "memorysetup-temp-allocator-size-audio-worker=65536"
    "memorysetup-temp-allocator-size-cloud-worker=32768"
    "memorysetup-temp-allocator-size-gi-baking-worker=262144"
    "memorysetup-temp-allocator-size-gfx=262144"
Player connection [33504] Host "[IP] 192.168.0.67 [Port] 0 [Flags] 2 [Guid] 237791638 [EditorId] 237791638 [Version] 1048832 [Id] WindowsEditor(7,Sebawstian) [Debug] 1 [PackageName] WindowsEditor [ProjectName] Editor" joined multi-casting on [225.0.0.222:54997]...

Player connection [33504] Host "[IP] 192.168.0.67 [Port] 0 [Flags] 2 [Guid] 237791638 [EditorId] 237791638 [Version] 1048832 [Id] WindowsEditor(7,Sebawstian) [Debug] 1 [PackageName] WindowsEditor [ProjectName] Editor" joined alternative multi-casting on [225.0.0.222:34997]...

[Physics::Module] Initialized MultithreadedJobDispatcher with 11 workers.
Refreshing native plugins compatible for Editor in 4.74 ms, found 3 plugins.
Preloading 0 native plugins for Editor in 0.00 ms.
Initialize engine version: 2022.3.15f1 (b58023a2b463)
[Subsystems] Discovering subsystems at path D:/2022.3.15f1/Editor/Data/Resources/UnitySubsystems
[Subsystems] Discovering subsystems at path D:/Unity Projects D/FriedEgg/Assets
GfxDevice: creating device client; threaded=0; jobified=0
Direct3D:
    Version:  Direct3D 11.0 [level 11.1]
    Renderer: NVIDIA GeForce RTX 4060 (ID=0x2882)
    Vendor:   NVIDIA
    VRAM:     7957 MB
    Driver:   32.0.15.8097
Initialize mono
Mono path[0] = 'D:/2022.3.15f1/Editor/Data/Managed'
Mono path[1] = 'D:/2022.3.15f1/Editor/Data/MonoBleedingEdge/lib/mono/unityjit-win32'
Mono config path = 'D:/2022.3.15f1/Editor/Data/MonoBleedingEdge/etc'
Using monoOptions --debugger-agent=transport=dt_socket,embedding=1,server=y,suspend=n,address=127.0.0.1:56820
Begin MonoManager ReloadAssembly
Registering precompiled unity dll's ...
Register platform support module: D:/2022.3.15f1/Editor/Data/PlaybackEngines/WindowsStandaloneSupport/UnityEditor.WindowsStandalone.Extensions.dll
Registered in 0.001850 seconds.
- Loaded All Assemblies, in  0.268 seconds
Native extension for WindowsStandalone target not found
Mono: successfully reloaded assembly
- Finished resetting the current domain, in  0.229 seconds
Domain Reload Profiling: 497ms
	BeginReloadAssembly (89ms)
		ExecutionOrderSort (0ms)
		DisableScriptedObjects (0ms)
		BackupInstance (0ms)
		ReleaseScriptingObjects (0ms)
		CreateAndSetChildDomain (1ms)
	RebuildCommonClasses (25ms)
	RebuildNativeTypeToScriptingClass (8ms)
	initialDomainReloadingComplete (36ms)
	LoadAllAssembliesAndSetupDomain (110ms)
		LoadAssemblies (88ms)
		RebuildTransferFunctionScriptingTraits (0ms)
		AnalyzeDomain (109ms)
			TypeCache.Refresh (107ms)
				TypeCache.ScanAssembly (96ms)
			ScanForSourceGeneratedMonoScriptInfo (0ms)
			ResolveRequiredComponents (0ms)
	FinalizeReload (230ms)
		ReleaseScriptCaches (0ms)
		RebuildScriptCaches (0ms)
		SetupLoadedEditorAssemblies (182ms)
			LogAssemblyErrors (0ms)
			InitializePlatformSupportModulesInManaged (6ms)
			SetLoadedEditorAssemblies (7ms)
			RefreshPlugins (0ms)
			BeforeProcessingInitializeOnLoad (2ms)
			ProcessInitializeOnLoadAttributes (126ms)
			ProcessInitializeOnLoadMethodAttributes (40ms)
			AfterProcessingInitializeOnLoad (0ms)
			EditorAssembliesLoaded (0ms)
		ExecutionOrderSort2 (0ms)
		AwakeInstancesAfterBackupRestoration (0ms)
========================================================================
Worker process is ready to serve import requests
Begin MonoManager ReloadAssembly
- Loaded All Assemblies, in  0.507 seconds
Refreshing native plugins compatible for Editor in 2.02 ms, found 3 plugins.
Native extension for WindowsStandalone target not found
Mono: successfully reloaded assembly
- Finished resetting the current domain, in  0.635 seconds
Domain Reload Profiling: 1143ms
	BeginReloadAssembly (119ms)
		ExecutionOrderSort (0ms)
		DisableScriptedObjects (5ms)
		BackupInstance (0ms)
		ReleaseScriptingObjects (0ms)
		CreateAndSetChildDomain (21ms)
	RebuildCommonClasses (29ms)
	RebuildNativeTypeToScriptingClass (8ms)
	initialDomainReloadingComplete (31ms)
	LoadAllAssembliesAndSetupDomain (320ms)
		LoadAssemblies (234ms)
		RebuildTransferFunctionScriptingTraits (0ms)
		AnalyzeDomain (154ms)
			TypeCache.Refresh (131ms)
				TypeCache.ScanAssembly (118ms)
			ScanForSourceGeneratedMonoScriptInfo (16ms)
			ResolveRequiredComponents (5ms)
	FinalizeReload (636ms)
		ReleaseScriptCaches (0ms)
		RebuildScriptCaches (0ms)
		SetupLoadedEditorAssemblies (492ms)
			LogAssemblyErrors (0ms)
			InitializePlatformSupportModulesInManaged (3ms)
			SetLoadedEditorAssemblies (4ms)
			RefreshPlugins (0ms)
			BeforeProcessingInitializeOnLoad (47ms)
			ProcessInitializeOnLoadAttributes (417ms)
			ProcessInitializeOnLoadMethodAttributes (19ms)
			AfterProcessingInitializeOnLoad (2ms)
			EditorAssembliesLoaded (0ms)
		ExecutionOrderSort2 (0ms)
		AwakeInstancesAfterBackupRestoration (6ms)
Launched and connected shader compiler UnityShaderCompiler.exe after 0.04 seconds
Refreshing native plugins compatible for Editor in 2.65 ms, found 3 plugins.
Preloading 0 native plugins for Editor in 0.00 ms.
Unloading 3511 Unused Serialized files (Serialized files now loaded: 0)
Unloading 41 unused Assets / (59.7 KB). Loaded Objects now: 3972.
Memory consumption went from 207.4 MB to 207.3 MB.
Total: 3.137900 ms (FindLiveObjects: 0.181500 ms CreateObjectMapping: 0.088900 ms MarkObjects: 2.764800 ms  DeleteObjects: 0.102000 ms)

AssetImportParameters requested are different than current active one (requested -> active):
  custom:container-demuxer-ogg: 62fdf1f143b41e24485cea50d1cbac27 -> 
  custom:video-codec-MediaFoundation-h265: 746d11721c4dcdbdad8f713fa42b33f4 -> 
  custom:video-decoder-ogg-theora: a1e56fd34408186e4bbccfd4996cb3dc -> 
  custom:framework-win-MediaFoundation: 216162199b28c13a410421893ffa2e32 -> 
  custom:CustomObjectIndexerAttribute: 43b350a4d6e6d1791af0b5038c4bea17 -> 
  custom:container-demuxer-webm: 4f35f7cbe854078d1ac9338744f61a02 -> 
  custom:container-muxer-webm: aa71ff27fc2769a1b78a27578f13a17b -> 
  custom:video-decoder-webm-vp8: 9c59270c3fd7afecdb556c50c9e8de78 -> 
  custom:SearchIndexIgnoredProperties: e643bd26f0fe6173181afceb89e7c659 -> 
  custom:AudioImporter_EditorPlatform: d09bf68614088b80899f8185d706f6e7 -> 
  custom:video-encoder-webm-vp8: eb34c28f22e8b96e1ab97ce403110664 -> 
  custom:audio-decoder-ogg-vorbis: bf7c407c2cedff20999df2af8eb42d56 -> 
  custom:audio-encoder-webm-vorbis: bf7c407c2cedff20999df2af8eb42d56 -> 
========================================================================
Received Import Request.
  Time since last request: 39506.669888 seconds.
  path: Assets/Resources/Player.prefab
  artifactKey: Guid(76af55185852a16448ad18cc4aaf6738) Importer(815301076,1909f56bfc062723c751e8b465ee728b)
Start importing Assets/Resources/Player.prefab using Guid(76af55185852a16448ad18cc4aaf6738) Importer(815301076,1909f56bfc062723c751e8b465ee728b)  -> (artifact id: '391b592746bbb9618c7249468447bc4e') in 0.130729 seconds
Number of updated asset objects reloaded before import = 0
Number of asset objects unloaded after import = 115
========================================================================
Received Import Request.
  Time since last request: 59.640906 seconds.
  path: Assets/Resources/Player.prefab
  artifactKey: Guid(76af55185852a16448ad18cc4aaf6738) Importer(815301076,1909f56bfc062723c751e8b465ee728b)
Start importing Assets/Resources/Player.prefab using Guid(76af55185852a16448ad18cc4aaf6738) Importer(815301076,1909f56bfc062723c751e8b465ee728b)  -> (artifact id: 'c2657ebecf06e0b989be3660da1b2f1d') in 0.031496 seconds
Number of updated asset objects reloaded before import = 0
Number of asset objects unloaded after import = 115
========================================================================
Received Import Request.
  Time since last request: 86.964302 seconds.
  path: Assets/Resources/Player.prefab
  artifactKey: Guid(76af55185852a16448ad18cc4aaf6738) Importer(815301076,1909f56bfc062723c751e8b465ee728b)
Start importing Assets/Resources/Player.prefab using Guid(76af55185852a16448ad18cc4aaf6738) Importer(815301076,1909f56bfc062723c751e8b465ee728b)  -> (artifact id: '035c600ad5af35a0b9beb65a04d721fb') in 0.038205 seconds
Number of updated asset objects reloaded before import = 0
Number of asset objects unloaded after import = 115
========================================================================
Received Import Request.
  Time since last request: 4.980130 seconds.
  path: Assets/Resources/Player.prefab
  artifactKey: Guid(76af55185852a16448ad18cc4aaf6738) Importer(815301076,1909f56bfc062723c751e8b465ee728b)
Start importing Assets/Resources/Player.prefab using Guid(76af55185852a16448ad18cc4aaf6738) Importer(815301076,1909f56bfc062723c751e8b465ee728b)  -> (artifact id: 'b57a972ba1c37b3baca38b15af5ab679') in 0.032226 seconds
Number of updated asset objects reloaded before import = 0
Number of asset objects unloaded after import = 115
========================================================================
Received Import Request.
  Time since last request: 3.605156 seconds.
  path: Assets/Resources/Player.prefab
  artifactKey: Guid(76af55185852a16448ad18cc4aaf6738) Importer(815301076,1909f56bfc062723c751e8b465ee728b)
Start importing Assets/Resources/Player.prefab using Guid(76af55185852a16448ad18cc4aaf6738) Importer(815301076,1909f56bfc062723c751e8b465ee728b)  -> (artifact id: 'b9b7958c6bf44820c2928c9306e05555') in 0.038959 seconds
Number of updated asset objects reloaded before import = 0
Number of asset objects unloaded after import = 115
========================================================================
Received Import Request.
  Time since last request: 1.171727 seconds.
  path: Assets/Resources/Player.prefab
  artifactKey: Guid(76af55185852a16448ad18cc4aaf6738) Importer(815301076,1909f56bfc062723c751e8b465ee728b)
Start importing Assets/Resources/Player.prefab using Guid(76af55185852a16448ad18cc4aaf6738) Importer(815301076,1909f56bfc062723c751e8b465ee728b)  -> (artifact id: '52126a5c1ab208ec2f8f7bbe66311d4f') in 0.038074 seconds
Number of updated asset objects reloaded before import = 0
Number of asset objects unloaded after import = 115
========================================================================
Received Import Request.
  Time since last request: 0.762133 seconds.
  path: Assets/Resources/Player.prefab
  artifactKey: Guid(76af55185852a16448ad18cc4aaf6738) Importer(815301076,1909f56bfc062723c751e8b465ee728b)
Start importing Assets/Resources/Player.prefab using Guid(76af55185852a16448ad18cc4aaf6738) Importer(815301076,1909f56bfc062723c751e8b465ee728b)  -> (artifact id: '7da20fdc00fbd775ed79191b03ffbd7a') in 0.031822 seconds
Number of updated asset objects reloaded before import = 0
Number of asset objects unloaded after import = 115
========================================================================
Received Import Request.
  Time since last request: 2.585614 seconds.
  path: Assets/Resources/Player.prefab
  artifactKey: Guid(76af55185852a16448ad18cc4aaf6738) Importer(815301076,1909f56bfc062723c751e8b465ee728b)
Start importing Assets/Resources/Player.prefab using Guid(76af55185852a16448ad18cc4aaf6738) Importer(815301076,1909f56bfc062723c751e8b465ee728b)  -> (artifact id: '63a9e84529660891977f29c743368066') in 0.033800 seconds
Number of updated asset objects reloaded before import = 0
Number of asset objects unloaded after import = 115
========================================================================
Received Import Request.
  Time since last request: 2.578364 seconds.
  path: Assets/Resources/Player.prefab
  artifactKey: Guid(76af55185852a16448ad18cc4aaf6738) Importer(815301076,1909f56bfc062723c751e8b465ee728b)
Start importing Assets/Resources/Player.prefab using Guid(76af55185852a16448ad18cc4aaf6738) Importer(815301076,1909f56bfc062723c751e8b465ee728b)  -> (artifact id: '50c4c8da84f326695b64b66a84dea3f5') in 0.033299 seconds
Number of updated asset objects reloaded before import = 0
Number of asset objects unloaded after import = 115
========================================================================
Received Import Request.
  Time since last request: 4.388848 seconds.
  path: Assets/Resources/Player.prefab
  artifactKey: Guid(76af55185852a16448ad18cc4aaf6738) Importer(815301076,1909f56bfc062723c751e8b465ee728b)
Start importing Assets/Resources/Player.prefab using Guid(76af55185852a16448ad18cc4aaf6738) Importer(815301076,1909f56bfc062723c751e8b465ee728b)  -> (artifact id: '76d5e1a073772bf5bf3b53a783547322') in 0.030835 seconds
Number of updated asset objects reloaded before import = 0
Number of asset objects unloaded after import = 115
========================================================================
Received Import Request.
  Time since last request: 3.390386 seconds.
  path: Assets/Resources/Player.prefab
  artifactKey: Guid(76af55185852a16448ad18cc4aaf6738) Importer(815301076,1909f56bfc062723c751e8b465ee728b)
Start importing Assets/Resources/Player.prefab using Guid(76af55185852a16448ad18cc4aaf6738) Importer(815301076,1909f56bfc062723c751e8b465ee728b)  -> (artifact id: '52c0549fb11c38b360b02cdac4b20595') in 0.039783 seconds
Number of updated asset objects reloaded before import = 0
Number of asset objects unloaded after import = 115
========================================================================
Received Import Request.
  Time since last request: 1.767789 seconds.
  path: Assets/Resources/Player.prefab
  artifactKey: Guid(76af55185852a16448ad18cc4aaf6738) Importer(815301076,1909f56bfc062723c751e8b465ee728b)
Start importing Assets/Resources/Player.prefab using Guid(76af55185852a16448ad18cc4aaf6738) Importer(815301076,1909f56bfc062723c751e8b465ee728b)  -> (artifact id: '0c4ec3449653d9fbc3f3c7032b53d96d') in 0.033867 seconds
Number of updated asset objects reloaded before import = 0
Number of asset objects unloaded after import = 115
========================================================================
Received Import Request.
  Time since last request: 1.171339 seconds.
  path: Assets/Resources/Player.prefab
  artifactKey: Guid(76af55185852a16448ad18cc4aaf6738) Importer(815301076,1909f56bfc062723c751e8b465ee728b)
Start importing Assets/Resources/Player.prefab using Guid(76af55185852a16448ad18cc4aaf6738) Importer(815301076,1909f56bfc062723c751e8b465ee728b)  -> (artifact id: 'e41746941342fac9154c65bfc1aa268c') in 0.038551 seconds
Number of updated asset objects reloaded before import = 0
Number of asset objects unloaded after import = 115
========================================================================
Received Prepare
Begin MonoManager ReloadAssembly
- Loaded All Assemblies, in  0.320 seconds
Refreshing native plugins compatible for Editor in 1.42 ms, found 3 plugins.
Native extension for WindowsStandalone target not found
Mono: successfully reloaded assembly
- Finished resetting the current domain, in  0.725 seconds
Domain Reload Profiling: 1045ms
	BeginReloadAssembly (126ms)
		ExecutionOrderSort (0ms)
		DisableScriptedObjects (4ms)
		BackupInstance (0ms)
		ReleaseScriptingObjects (0ms)
		CreateAndSetChildDomain (37ms)
	RebuildCommonClasses (25ms)
	RebuildNativeTypeToScriptingClass (7ms)
	initialDomainReloadingComplete (19ms)
	LoadAllAssembliesAndSetupDomain (143ms)
		LoadAssemblies (192ms)
		RebuildTransferFunctionScriptingTraits (0ms)
		AnalyzeDomain (11ms)
			TypeCache.Refresh (5ms)
				TypeCache.ScanAssembly (0ms)
			ScanForSourceGeneratedMonoScriptInfo (0ms)
			ResolveRequiredComponents (5ms)
	FinalizeReload (725ms)
		ReleaseScriptCaches (0ms)
		RebuildScriptCaches (0ms)
		SetupLoadedEditorAssemblies (448ms)
			LogAssemblyErrors (0ms)
			InitializePlatformSupportModulesInManaged (3ms)
			SetLoadedEditorAssemblies (3ms)
			RefreshPlugins (0ms)
			BeforeProcessingInitializeOnLoad (41ms)
			ProcessInitializeOnLoadAttributes (377ms)
			ProcessInitializeOnLoadMethodAttributes (21ms)
			AfterProcessingInitializeOnLoad (2ms)
			EditorAssembliesLoaded (0ms)
		ExecutionOrderSort2 (0ms)
		AwakeInstancesAfterBackupRestoration (6ms)
Refreshing native plugins compatible for Editor in 2.30 ms, found 3 plugins.
Preloading 0 native plugins for Editor in 0.00 ms.
Unloading 3489 Unused Serialized files (Serialized files now loaded: 0)
Unloading 30 unused Assets / (33.6 KB). Loaded Objects now: 3985.
Memory consumption went from 209.4 MB to 209.4 MB.
Total: 2.547200 ms (FindLiveObjects: 0.227000 ms CreateObjectMapping: 0.099000 ms MarkObjects: 2.171100 ms  DeleteObjects: 0.049100 ms)

Prepare: number of updated asset objects reloaded= 0
AssetImportParameters requested are different than current active one (requested -> active):
  custom:container-demuxer-ogg: 62fdf1f143b41e24485cea50d1cbac27 -> 
  custom:video-codec-MediaFoundation-h265: 746d11721c4dcdbdad8f713fa42b33f4 -> 
  custom:video-decoder-ogg-theora: a1e56fd34408186e4bbccfd4996cb3dc -> 
  custom:framework-win-MediaFoundation: 216162199b28c13a410421893ffa2e32 -> 
  custom:CustomObjectIndexerAttribute: 43b350a4d6e6d1791af0b5038c4bea17 -> 
  custom:container-demuxer-webm: 4f35f7cbe854078d1ac9338744f61a02 -> 
  custom:container-muxer-webm: aa71ff27fc2769a1b78a27578f13a17b -> 
  custom:video-decoder-webm-vp8: 9c59270c3fd7afecdb556c50c9e8de78 -> 
  custom:SearchIndexIgnoredProperties: e643bd26f0fe6173181afceb89e7c659 -> 
  custom:AudioImporter_EditorPlatform: d09bf68614088b80899f8185d706f6e7 -> 
  custom:video-encoder-webm-vp8: eb34c28f22e8b96e1ab97ce403110664 -> 
  custom:audio-decoder-ogg-vorbis: bf7c407c2cedff20999df2af8eb42d56 -> 
  custom:audio-encoder-webm-vorbis: bf7c407c2cedff20999df2af8eb42d56 -> 
========================================================================
Received Import Request.
  Time since last request: 19.358850 seconds.
  path: Assets/Resources/Player.prefab
  artifactKey: Guid(76af55185852a16448ad18cc4aaf6738) Importer(815301076,1909f56bfc062723c751e8b465ee728b)
Start importing Assets/Resources/Player.prefab using Guid(76af55185852a16448ad18cc4aaf6738) Importer(815301076,1909f56bfc062723c751e8b465ee728b)  -> (artifact id: '1d8efa2e96e38c7b36774c7f0af4ce06') in 0.106835 seconds
Number of updated asset objects reloaded before import = 0
Number of asset objects unloaded after import = 115
========================================================================
Received Import Request.
  Time since last request: 0.645198 seconds.
  path: Assets/Resources/Player.prefab
  artifactKey: Guid(76af55185852a16448ad18cc4aaf6738) Importer(815301076,1909f56bfc062723c751e8b465ee728b)
Start importing Assets/Resources/Player.prefab using Guid(76af55185852a16448ad18cc4aaf6738) Importer(815301076,1909f56bfc062723c751e8b465ee728b)  -> (artifact id: '1c9c5c2919f33c5e7489b7d11438969c') in 0.036588 seconds
Number of updated asset objects reloaded before import = 0
Number of asset objects unloaded after import = 115
========================================================================
Received Import Request.
  Time since last request: 0.765485 seconds.
  path: Assets/Resources/Player.prefab
  artifactKey: Guid(76af55185852a16448ad18cc4aaf6738) Importer(815301076,1909f56bfc062723c751e8b465ee728b)
Start importing Assets/Resources/Player.prefab using Guid(76af55185852a16448ad18cc4aaf6738) Importer(815301076,1909f56bfc062723c751e8b465ee728b)  -> (artifact id: '9e0cdb99656b4248e646d2503543f0e7') in 0.034119 seconds
Number of updated asset objects reloaded before import = 0
Number of asset objects unloaded after import = 115
========================================================================
Received Prepare
Begin MonoManager ReloadAssembly
- Loaded All Assemblies, in  0.317 seconds
Refreshing native plugins compatible for Editor in 1.96 ms, found 3 plugins.
Native extension for WindowsStandalone target not found
Mono: successfully reloaded assembly
- Finished resetting the current domain, in  0.775 seconds
Domain Reload Profiling: 1093ms
	BeginReloadAssembly (126ms)
		ExecutionOrderSort (0ms)
		DisableScriptedObjects (5ms)
		BackupInstance (0ms)
		ReleaseScriptingObjects (0ms)
		CreateAndSetChildDomain (31ms)
	RebuildCommonClasses (23ms)
	RebuildNativeTypeToScriptingClass (8ms)
	initialDomainReloadingComplete (17ms)
	LoadAllAssembliesAndSetupDomain (142ms)
		LoadAssemblies (196ms)
		RebuildTransferFunctionScriptingTraits (0ms)
		AnalyzeDomain (12ms)
			TypeCache.Refresh (5ms)
				TypeCache.ScanAssembly (0ms)
			ScanForSourceGeneratedMonoScriptInfo (0ms)
			ResolveRequiredComponents (5ms)
	FinalizeReload (776ms)
		ReleaseScriptCaches (0ms)
		RebuildScriptCaches (0ms)
		SetupLoadedEditorAssemblies (486ms)
			LogAssemblyErrors (0ms)
			InitializePlatformSupportModulesInManaged (3ms)
			SetLoadedEditorAssemblies (3ms)
			RefreshPlugins (0ms)
			BeforeProcessingInitializeOnLoad (44ms)
			ProcessInitializeOnLoadAttributes (415ms)
			ProcessInitializeOnLoadMethodAttributes (19ms)
			AfterProcessingInitializeOnLoad (1ms)
			EditorAssembliesLoaded (0ms)
		ExecutionOrderSort2 (0ms)
		AwakeInstancesAfterBackupRestoration (7ms)
Refreshing native plugins compatible for Editor in 2.22 ms, found 3 plugins.
Preloading 0 native plugins for Editor in 0.00 ms.
Unloading 3489 Unused Serialized files (Serialized files now loaded: 0)
Unloading 30 unused Assets / (33.6 KB). Loaded Objects now: 3989.
Memory consumption went from 211.4 MB to 211.3 MB.
Total: 2.723700 ms (FindLiveObjects: 0.219300 ms CreateObjectMapping: 0.084300 ms MarkObjects: 2.367700 ms  DeleteObjects: 0.047700 ms)

Prepare: number of updated asset objects reloaded= 0
AssetImportParameters requested are different than current active one (requested -> active):
  custom:container-demuxer-ogg: 62fdf1f143b41e24485cea50d1cbac27 -> 
  custom:video-codec-MediaFoundation-h265: 746d11721c4dcdbdad8f713fa42b33f4 -> 
  custom:video-decoder-ogg-theora: a1e56fd34408186e4bbccfd4996cb3dc -> 
  custom:framework-win-MediaFoundation: 216162199b28c13a410421893ffa2e32 -> 
  custom:CustomObjectIndexerAttribute: 43b350a4d6e6d1791af0b5038c4bea17 -> 
  custom:container-demuxer-webm: 4f35f7cbe854078d1ac9338744f61a02 -> 
  custom:container-muxer-webm: aa71ff27fc2769a1b78a27578f13a17b -> 
  custom:video-decoder-webm-vp8: 9c59270c3fd7afecdb556c50c9e8de78 -> 
  custom:SearchIndexIgnoredProperties: e643bd26f0fe6173181afceb89e7c659 -> 
  custom:AudioImporter_EditorPlatform: d09bf68614088b80899f8185d706f6e7 -> 
  custom:video-encoder-webm-vp8: eb34c28f22e8b96e1ab97ce403110664 -> 
  custom:audio-decoder-ogg-vorbis: bf7c407c2cedff20999df2af8eb42d56 -> 
  custom:audio-encoder-webm-vorbis: bf7c407c2cedff20999df2af8eb42d56 -> 
========================================================================
Received Import Request.
  Time since last request: 14.819188 seconds.
  path: Assets/Resources/Player.prefab
  artifactKey: Guid(76af55185852a16448ad18cc4aaf6738) Importer(815301076,1909f56bfc062723c751e8b465ee728b)
Start importing Assets/Resources/Player.prefab using Guid(76af55185852a16448ad18cc4aaf6738) Importer(815301076,1909f56bfc062723c751e8b465ee728b)  -> (artifact id: 'ce7dccc051c84a5f540241f2916a8019') in 0.105230 seconds
Number of updated asset objects reloaded before import = 0
Number of asset objects unloaded after import = 115
========================================================================
Received Import Request.
  Time since last request: 1.246611 seconds.
  path: Assets/Resources/Player.prefab
  artifactKey: Guid(76af55185852a16448ad18cc4aaf6738) Importer(815301076,1909f56bfc062723c751e8b465ee728b)
Start importing Assets/Resources/Player.prefab using Guid(76af55185852a16448ad18cc4aaf6738) Importer(815301076,1909f56bfc062723c751e8b465ee728b)  -> (artifact id: 'bc6acda76705a9654863862e0ca70a9f') in 0.033566 seconds
Number of updated asset objects reloaded before import = 0
Number of asset objects unloaded after import = 115
========================================================================
Received Import Request.
  Time since last request: 1.977245 seconds.
  path: Assets/Resources/Player.prefab
  artifactKey: Guid(76af55185852a16448ad18cc4aaf6738) Importer(815301076,1909f56bfc062723c751e8b465ee728b)
Start importing Assets/Resources/Player.prefab using Guid(76af55185852a16448ad18cc4aaf6738) Importer(815301076,1909f56bfc062723c751e8b465ee728b)  -> (artifact id: '574112b0150cea7913729fe80673672a') in 0.033930 seconds
Number of updated asset objects reloaded before import = 0
Number of asset objects unloaded after import = 115
========================================================================
Received Import Request.
  Time since last request: 1.177734 seconds.
  path: Assets/Resources/Player.prefab
  artifactKey: Guid(76af55185852a16448ad18cc4aaf6738) Importer(815301076,1909f56bfc062723c751e8b465ee728b)
Start importing Assets/Resources/Player.prefab using Guid(76af55185852a16448ad18cc4aaf6738) Importer(815301076,1909f56bfc062723c751e8b465ee728b)  -> (artifact id: 'af29758e100c26e791b30645d38060ad') in 0.033993 seconds
Number of updated asset objects reloaded before import = 0
Number of asset objects unloaded after import = 115
========================================================================
Received Import Request.
  Time since last request: 0.794753 seconds.
  path: Assets/Resources/Player.prefab
  artifactKey: Guid(76af55185852a16448ad18cc4aaf6738) Importer(815301076,1909f56bfc062723c751e8b465ee728b)
Start importing Assets/Resources/Player.prefab using Guid(76af55185852a16448ad18cc4aaf6738) Importer(815301076,1909f56bfc062723c751e8b465ee728b)  -> (artifact id: '78d49aeb01e8ab402ae5aaede76c76ee') in 0.035358 seconds
Number of updated asset objects reloaded before import = 0
Number of asset objects unloaded after import = 115
========================================================================
Received Prepare
Begin MonoManager ReloadAssembly
- Loaded All Assemblies, in  0.299 seconds
Refreshing native plugins compatible for Editor in 2.08 ms, found 3 plugins.
Native extension for WindowsStandalone target not found
Mono: successfully reloaded assembly
- Finished resetting the current domain, in  0.739 seconds
Domain Reload Profiling: 1038ms
	BeginReloadAssembly (111ms)
		ExecutionOrderSort (0ms)
		DisableScriptedObjects (3ms)
		BackupInstance (0ms)
		ReleaseScriptingObjects (0ms)
		CreateAndSetChildDomain (27ms)
	RebuildCommonClasses (22ms)
	RebuildNativeTypeToScriptingClass (8ms)
	initialDomainReloadingComplete (17ms)
	LoadAllAssembliesAndSetupDomain (142ms)
		LoadAssemblies (186ms)
		RebuildTransferFunctionScriptingTraits (0ms)
		AnalyzeDomain (13ms)
			TypeCache.Refresh (6ms)
				TypeCache.ScanAssembly (0ms)
			ScanForSourceGeneratedMonoScriptInfo (0ms)
			ResolveRequiredComponents (6ms)
	FinalizeReload (739ms)
		ReleaseScriptCaches (0ms)
		RebuildScriptCaches (0ms)
		SetupLoadedEditorAssemblies (445ms)
			LogAssemblyErrors (0ms)
			InitializePlatformSupportModulesInManaged (3ms)
			SetLoadedEditorAssemblies (4ms)
			RefreshPlugins (0ms)
			BeforeProcessingInitializeOnLoad (41ms)
			ProcessInitializeOnLoadAttributes (375ms)
			ProcessInitializeOnLoadMethodAttributes (21ms)
			AfterProcessingInitializeOnLoad (2ms)
			EditorAssembliesLoaded (0ms)
		ExecutionOrderSort2 (0ms)
		AwakeInstancesAfterBackupRestoration (6ms)
Refreshing native plugins compatible for Editor in 2.37 ms, found 3 plugins.
Preloading 0 native plugins for Editor in 0.00 ms.
Unloading 3489 Unused Serialized files (Serialized files now loaded: 0)
Unloading 30 unused Assets / (33.6 KB). Loaded Objects now: 3993.
Memory consumption went from 213.3 MB to 213.3 MB.
Total: 2.567600 ms (FindLiveObjects: 0.202300 ms CreateObjectMapping: 0.084500 ms MarkObjects: 2.229500 ms  DeleteObjects: 0.050700 ms)

Prepare: number of updated asset objects reloaded= 0
AssetImportParameters requested are different than current active one (requested -> active):
  custom:container-demuxer-ogg: 62fdf1f143b41e24485cea50d1cbac27 -> 
  custom:video-codec-MediaFoundation-h265: 746d11721c4dcdbdad8f713fa42b33f4 -> 
  custom:video-decoder-ogg-theora: a1e56fd34408186e4bbccfd4996cb3dc -> 
  custom:framework-win-MediaFoundation: 216162199b28c13a410421893ffa2e32 -> 
  custom:CustomObjectIndexerAttribute: 43b350a4d6e6d1791af0b5038c4bea17 -> 
  custom:container-demuxer-webm: 4f35f7cbe854078d1ac9338744f61a02 -> 
  custom:container-muxer-webm: aa71ff27fc2769a1b78a27578f13a17b -> 
  custom:video-decoder-webm-vp8: 9c59270c3fd7afecdb556c50c9e8de78 -> 
  custom:SearchIndexIgnoredProperties: e643bd26f0fe6173181afceb89e7c659 -> 
  custom:AudioImporter_EditorPlatform: d09bf68614088b80899f8185d706f6e7 -> 
  custom:video-encoder-webm-vp8: eb34c28f22e8b96e1ab97ce403110664 -> 
  custom:audio-decoder-ogg-vorbis: bf7c407c2cedff20999df2af8eb42d56 -> 
  custom:audio-encoder-webm-vorbis: bf7c407c2cedff20999df2af8eb42d56 -> 
========================================================================
Received Import Request.
  Time since last request: 12.875128 seconds.
  path: Assets/Resources/Player.prefab
  artifactKey: Guid(76af55185852a16448ad18cc4aaf6738) Importer(815301076,1909f56bfc062723c751e8b465ee728b)
Start importing Assets/Resources/Player.prefab using Guid(76af55185852a16448ad18cc4aaf6738) Importer(815301076,1909f56bfc062723c751e8b465ee728b)  -> (artifact id: 'a42ed919cc1dbc923b72e0d1d1e01c84') in 0.099161 seconds
Number of updated asset objects reloaded before import = 0
Number of asset objects unloaded after import = 115
========================================================================
Received Import Request.
  Time since last request: 5.754024 seconds.
  path: Assets/Resources/Player.prefab
  artifactKey: Guid(76af55185852a16448ad18cc4aaf6738) Importer(815301076,1909f56bfc062723c751e8b465ee728b)
Start importing Assets/Resources/Player.prefab using Guid(76af55185852a16448ad18cc4aaf6738) Importer(815301076,1909f56bfc062723c751e8b465ee728b)  -> (artifact id: 'd0979e0f641344b6e4c2c94a2ee807c9') in 0.035136 seconds
Number of updated asset objects reloaded before import = 0
Number of asset objects unloaded after import = 115
========================================================================
Received Import Request.
  Time since last request: 5.397907 seconds.
  path: Assets/Resources/Player.prefab
  artifactKey: Guid(76af55185852a16448ad18cc4aaf6738) Importer(815301076,1909f56bfc062723c751e8b465ee728b)
Start importing Assets/Resources/Player.prefab using Guid(76af55185852a16448ad18cc4aaf6738) Importer(815301076,1909f56bfc062723c751e8b465ee728b)  -> (artifact id: '417f2bde1f7cecd3341bf97b08613cc2') in 0.026837 seconds
Number of updated asset objects reloaded before import = 0
Number of asset objects unloaded after import = 115
========================================================================
Received Import Request.
  Time since last request: 1.580445 seconds.
  path: Assets/Resources/Player.prefab
  artifactKey: Guid(76af55185852a16448ad18cc4aaf6738) Importer(815301076,1909f56bfc062723c751e8b465ee728b)
Start importing Assets/Resources/Player.prefab using Guid(76af55185852a16448ad18cc4aaf6738) Importer(815301076,1909f56bfc062723c751e8b465ee728b)  -> (artifact id: '0c2a016c085af0663ce265d3bb38ece0') in 0.034697 seconds
Number of updated asset objects reloaded before import = 0
Number of asset objects unloaded after import = 115
========================================================================
Received Prepare
Begin MonoManager ReloadAssembly
- Loaded All Assemblies, in  0.319 seconds
Refreshing native plugins compatible for Editor in 1.62 ms, found 3 plugins.
Native extension for WindowsStandalone target not found
Mono: successfully reloaded assembly
- Finished resetting the current domain, in  0.731 seconds
Domain Reload Profiling: 1051ms
	BeginReloadAssembly (120ms)
		ExecutionOrderSort (0ms)
		DisableScriptedObjects (3ms)
		BackupInstance (0ms)
		ReleaseScriptingObjects (0ms)
		CreateAndSetChildDomain (30ms)
	RebuildCommonClasses (29ms)
	RebuildNativeTypeToScriptingClass (8ms)
	initialDomainReloadingComplete (17ms)
	LoadAllAssembliesAndSetupDomain (145ms)
		LoadAssemblies (197ms)
		RebuildTransferFunctionScriptingTraits (0ms)
		AnalyzeDomain (12ms)
			TypeCache.Refresh (5ms)
				TypeCache.ScanAssembly (0ms)
			ScanForSourceGeneratedMonoScriptInfo (0ms)
			ResolveRequiredComponents (5ms)
	FinalizeReload (732ms)
		ReleaseScriptCaches (0ms)
		RebuildScriptCaches (0ms)
		SetupLoadedEditorAssemblies (459ms)
			LogAssemblyErrors (0ms)
			InitializePlatformSupportModulesInManaged (3ms)
			SetLoadedEditorAssemblies (4ms)
			RefreshPlugins (0ms)
			BeforeProcessingInitializeOnLoad (43ms)
			ProcessInitializeOnLoadAttributes (389ms)
			ProcessInitializeOnLoadMethodAttributes (18ms)
			AfterProcessingInitializeOnLoad (1ms)
			EditorAssembliesLoaded (0ms)
		ExecutionOrderSort2 (0ms)
		AwakeInstancesAfterBackupRestoration (5ms)
Refreshing native plugins compatible for Editor in 2.49 ms, found 3 plugins.
Preloading 0 native plugins for Editor in 0.00 ms.
Unloading 3489 Unused Serialized files (Serialized files now loaded: 0)
Unloading 30 unused Assets / (33.6 KB). Loaded Objects now: 3997.
Memory consumption went from 215.3 MB to 215.2 MB.
Total: 2.834200 ms (FindLiveObjects: 0.191800 ms CreateObjectMapping: 0.087200 ms MarkObjects: 2.505200 ms  DeleteObjects: 0.048800 ms)

Prepare: number of updated asset objects reloaded= 0
AssetImportParameters requested are different than current active one (requested -> active):
  custom:container-demuxer-ogg: 62fdf1f143b41e24485cea50d1cbac27 -> 
  custom:video-codec-MediaFoundation-h265: 746d11721c4dcdbdad8f713fa42b33f4 -> 
  custom:video-decoder-ogg-theora: a1e56fd34408186e4bbccfd4996cb3dc -> 
  custom:framework-win-MediaFoundation: 216162199b28c13a410421893ffa2e32 -> 
  custom:CustomObjectIndexerAttribute: 43b350a4d6e6d1791af0b5038c4bea17 -> 
  custom:container-demuxer-webm: 4f35f7cbe854078d1ac9338744f61a02 -> 
  custom:container-muxer-webm: aa71ff27fc2769a1b78a27578f13a17b -> 
  custom:video-decoder-webm-vp8: 9c59270c3fd7afecdb556c50c9e8de78 -> 
  custom:SearchIndexIgnoredProperties: e643bd26f0fe6173181afceb89e7c659 -> 
  custom:AudioImporter_EditorPlatform: d09bf68614088b80899f8185d706f6e7 -> 
  custom:video-encoder-webm-vp8: eb34c28f22e8b96e1ab97ce403110664 -> 
  custom:audio-decoder-ogg-vorbis: bf7c407c2cedff20999df2af8eb42d56 -> 
  custom:audio-encoder-webm-vorbis: bf7c407c2cedff20999df2af8eb42d56 -> 
========================================================================
Received Import Request.
  Time since last request: 11.621434 seconds.
  path: Assets/Resources/Player.prefab
  artifactKey: Guid(76af55185852a16448ad18cc4aaf6738) Importer(815301076,1909f56bfc062723c751e8b465ee728b)
Start importing Assets/Resources/Player.prefab using Guid(76af55185852a16448ad18cc4aaf6738) Importer(815301076,1909f56bfc062723c751e8b465ee728b)  -> (artifact id: '495e48c59792685eef403206ad21e47b') in 0.101281 seconds
Number of updated asset objects reloaded before import = 0
Number of asset objects unloaded after import = 115
========================================================================
Received Import Request.
  Time since last request: 3.337558 seconds.
  path: Assets/Resources/Player.prefab
  artifactKey: Guid(76af55185852a16448ad18cc4aaf6738) Importer(815301076,1909f56bfc062723c751e8b465ee728b)
Start importing Assets/Resources/Player.prefab using Guid(76af55185852a16448ad18cc4aaf6738) Importer(815301076,1909f56bfc062723c751e8b465ee728b)  -> (artifact id: '768fb25f1bd89153a2ea0d533779a97d') in 0.034535 seconds
Number of updated asset objects reloaded before import = 0
Number of asset objects unloaded after import = 115
========================================================================
Received Prepare
Begin MonoManager ReloadAssembly
- Loaded All Assemblies, in  0.348 seconds
Refreshing native plugins compatible for Editor in 2.87 ms, found 3 plugins.
Native extension for WindowsStandalone target not found
Mono: successfully reloaded assembly
- Finished resetting the current domain, in  0.754 seconds
Domain Reload Profiling: 1103ms
	BeginReloadAssembly (128ms)
		ExecutionOrderSort (0ms)
		DisableScriptedObjects (4ms)
		BackupInstance (0ms)
		ReleaseScriptingObjects (0ms)
		CreateAndSetChildDomain (34ms)
	RebuildCommonClasses (26ms)
	RebuildNativeTypeToScriptingClass (8ms)
	initialDomainReloadingComplete (17ms)
	LoadAllAssembliesAndSetupDomain (168ms)
		LoadAssemblies (210ms)
		RebuildTransferFunctionScriptingTraits (0ms)
		AnalyzeDomain (24ms)
			TypeCache.Refresh (12ms)
				TypeCache.ScanAssembly (0ms)
			ScanForSourceGeneratedMonoScriptInfo (0ms)
			ResolveRequiredComponents (9ms)
	FinalizeReload (755ms)
		ReleaseScriptCaches (0ms)
		RebuildScriptCaches (0ms)
		SetupLoadedEditorAssemblies (468ms)
			LogAssemblyErrors (0ms)
			InitializePlatformSupportModulesInManaged (4ms)
			SetLoadedEditorAssemblies (4ms)
			RefreshPlugins (0ms)
			BeforeProcessingInitializeOnLoad (48ms)
			ProcessInitializeOnLoadAttributes (387ms)
			ProcessInitializeOnLoadMethodAttributes (23ms)
			AfterProcessingInitializeOnLoad (2ms)
			EditorAssembliesLoaded (0ms)
		ExecutionOrderSort2 (0ms)
		AwakeInstancesAfterBackupRestoration (6ms)
Refreshing native plugins compatible for Editor in 2.25 ms, found 3 plugins.
Preloading 0 native plugins for Editor in 0.00 ms.
Unloading 3489 Unused Serialized files (Serialized files now loaded: 0)
Unloading 30 unused Assets / (33.6 KB). Loaded Objects now: 4001.
Memory consumption went from 217.2 MB to 217.2 MB.
Total: 2.861500 ms (FindLiveObjects: 0.199400 ms CreateObjectMapping: 0.116800 ms MarkObjects: 2.493800 ms  DeleteObjects: 0.050600 ms)

Prepare: number of updated asset objects reloaded= 0
AssetImportParameters requested are different than current active one (requested -> active):
  custom:container-demuxer-ogg: 62fdf1f143b41e24485cea50d1cbac27 -> 
  custom:video-codec-MediaFoundation-h265: 746d11721c4dcdbdad8f713fa42b33f4 -> 
  custom:video-decoder-ogg-theora: a1e56fd34408186e4bbccfd4996cb3dc -> 
  custom:framework-win-MediaFoundation: 216162199b28c13a410421893ffa2e32 -> 
  custom:CustomObjectIndexerAttribute: 43b350a4d6e6d1791af0b5038c4bea17 -> 
  custom:container-demuxer-webm: 4f35f7cbe854078d1ac9338744f61a02 -> 
  custom:container-muxer-webm: aa71ff27fc2769a1b78a27578f13a17b -> 
  custom:video-decoder-webm-vp8: 9c59270c3fd7afecdb556c50c9e8de78 -> 
  custom:SearchIndexIgnoredProperties: e643bd26f0fe6173181afceb89e7c659 -> 
  custom:AudioImporter_EditorPlatform: d09bf68614088b80899f8185d706f6e7 -> 
  custom:video-encoder-webm-vp8: eb34c28f22e8b96e1ab97ce403110664 -> 
  custom:audio-decoder-ogg-vorbis: bf7c407c2cedff20999df2af8eb42d56 -> 
  custom:audio-encoder-webm-vorbis: bf7c407c2cedff20999df2af8eb42d56 -> 
========================================================================
Received Import Request.
  Time since last request: 15.397070 seconds.
  path: Assets/Resources/Player.prefab
  artifactKey: Guid(76af55185852a16448ad18cc4aaf6738) Importer(815301076,1909f56bfc062723c751e8b465ee728b)
Start importing Assets/Resources/Player.prefab using Guid(76af55185852a16448ad18cc4aaf6738) Importer(815301076,1909f56bfc062723c751e8b465ee728b)  -> (artifact id: '323fe31519f14875a85cef750b35037e') in 0.099671 seconds
Number of updated asset objects reloaded before import = 0
Number of asset objects unloaded after import = 115
========================================================================
Received Import Request.
  Time since last request: 2.856963 seconds.
  path: Assets/Resources/Player.prefab
  artifactKey: Guid(76af55185852a16448ad18cc4aaf6738) Importer(815301076,1909f56bfc062723c751e8b465ee728b)
Start importing Assets/Resources/Player.prefab using Guid(76af55185852a16448ad18cc4aaf6738) Importer(815301076,1909f56bfc062723c751e8b465ee728b)  -> (artifact id: 'f2a87774291630b06b261846a8c744a1') in 0.035935 seconds
Number of updated asset objects reloaded before import = 0
Number of asset objects unloaded after import = 115
========================================================================
Received Import Request.
  Time since last request: 6.224802 seconds.
  path: Assets/Resources/Player.prefab
  artifactKey: Guid(76af55185852a16448ad18cc4aaf6738) Importer(815301076,1909f56bfc062723c751e8b465ee728b)
Start importing Assets/Resources/Player.prefab using Guid(76af55185852a16448ad18cc4aaf6738) Importer(815301076,1909f56bfc062723c751e8b465ee728b)  -> (artifact id: 'e6692f10b101b30f475fabb9c3456415') in 0.028396 seconds
Number of updated asset objects reloaded before import = 0
Number of asset objects unloaded after import = 115
========================================================================
Received Import Request.
  Time since last request: 2.207134 seconds.
  path: Assets/Resources/Player.prefab
  artifactKey: Guid(76af55185852a16448ad18cc4aaf6738) Importer(815301076,1909f56bfc062723c751e8b465ee728b)
Start importing Assets/Resources/Player.prefab using Guid(76af55185852a16448ad18cc4aaf6738) Importer(815301076,1909f56bfc062723c751e8b465ee728b)  -> (artifact id: '385acc3ba17473ff4b5faa2863a707ef') in 0.039997 seconds
Number of updated asset objects reloaded before import = 0
Number of asset objects unloaded after import = 115
========================================================================
Received Import Request.
  Time since last request: 1.551724 seconds.
  path: Assets/Resources/Player.prefab
  artifactKey: Guid(76af55185852a16448ad18cc4aaf6738) Importer(815301076,1909f56bfc062723c751e8b465ee728b)
Start importing Assets/Resources/Player.prefab using Guid(76af55185852a16448ad18cc4aaf6738) Importer(815301076,1909f56bfc062723c751e8b465ee728b)  -> (artifact id: 'bed341c52b781b60bcb76c2b9c48d53f') in 0.036284 seconds
Number of updated asset objects reloaded before import = 0
Number of asset objects unloaded after import = 115
========================================================================
Received Prepare
Begin MonoManager ReloadAssembly
- Loaded All Assemblies, in  0.327 seconds
Refreshing native plugins compatible for Editor in 1.49 ms, found 3 plugins.
Native extension for WindowsStandalone target not found
Mono: successfully reloaded assembly
- Finished resetting the current domain, in  0.765 seconds
Domain Reload Profiling: 1092ms
	BeginReloadAssembly (120ms)
		ExecutionOrderSort (0ms)
		DisableScriptedObjects (3ms)
		BackupInstance (0ms)
		ReleaseScriptingObjects (0ms)
		CreateAndSetChildDomain (33ms)
	RebuildCommonClasses (25ms)
	RebuildNativeTypeToScriptingClass (13ms)
	initialDomainReloadingComplete (20ms)
	LoadAllAssembliesAndSetupDomain (149ms)
		LoadAssemblies (198ms)
		RebuildTransferFunctionScriptingTraits (0ms)
		AnalyzeDomain (11ms)
			TypeCache.Refresh (5ms)
				TypeCache.ScanAssembly (0ms)
			ScanForSourceGeneratedMonoScriptInfo (0ms)
			ResolveRequiredComponents (5ms)
	FinalizeReload (766ms)
		ReleaseScriptCaches (0ms)
		RebuildScriptCaches (0ms)
		SetupLoadedEditorAssemblies (472ms)
			LogAssemblyErrors (0ms)
			InitializePlatformSupportModulesInManaged (4ms)
			SetLoadedEditorAssemblies (5ms)
			RefreshPlugins (0ms)
			BeforeProcessingInitializeOnLoad (45ms)
			ProcessInitializeOnLoadAttributes (396ms)
			ProcessInitializeOnLoadMethodAttributes (21ms)
			AfterProcessingInitializeOnLoad (1ms)
			EditorAssembliesLoaded (0ms)
		ExecutionOrderSort2 (0ms)
		AwakeInstancesAfterBackupRestoration (7ms)
Refreshing native plugins compatible for Editor in 1.93 ms, found 3 plugins.
Preloading 0 native plugins for Editor in 0.00 ms.
Unloading 3489 Unused Serialized files (Serialized files now loaded: 0)
Unloading 30 unused Assets / (33.6 KB). Loaded Objects now: 4005.
Memory consumption went from 219.1 MB to 219.1 MB.
Total: 2.380400 ms (FindLiveObjects: 0.178000 ms CreateObjectMapping: 0.082400 ms MarkObjects: 2.074300 ms  DeleteObjects: 0.044300 ms)

Prepare: number of updated asset objects reloaded= 0
AssetImportParameters requested are different than current active one (requested -> active):
  custom:container-demuxer-ogg: 62fdf1f143b41e24485cea50d1cbac27 -> 
  custom:video-codec-MediaFoundation-h265: 746d11721c4dcdbdad8f713fa42b33f4 -> 
  custom:video-decoder-ogg-theora: a1e56fd34408186e4bbccfd4996cb3dc -> 
  custom:framework-win-MediaFoundation: 216162199b28c13a410421893ffa2e32 -> 
  custom:CustomObjectIndexerAttribute: 43b350a4d6e6d1791af0b5038c4bea17 -> 
  custom:container-demuxer-webm: 4f35f7cbe854078d1ac9338744f61a02 -> 
  custom:container-muxer-webm: aa71ff27fc2769a1b78a27578f13a17b -> 
  custom:video-decoder-webm-vp8: 9c59270c3fd7afecdb556c50c9e8de78 -> 
  custom:SearchIndexIgnoredProperties: e643bd26f0fe6173181afceb89e7c659 -> 
  custom:AudioImporter_EditorPlatform: d09bf68614088b80899f8185d706f6e7 -> 
  custom:video-encoder-webm-vp8: eb34c28f22e8b96e1ab97ce403110664 -> 
  custom:audio-decoder-ogg-vorbis: bf7c407c2cedff20999df2af8eb42d56 -> 
  custom:audio-encoder-webm-vorbis: bf7c407c2cedff20999df2af8eb42d56 -> 
========================================================================
Received Import Request.
  Time since last request: 19.570193 seconds.
  path: Assets/Resources/Player.prefab
  artifactKey: Guid(76af55185852a16448ad18cc4aaf6738) Importer(815301076,1909f56bfc062723c751e8b465ee728b)
Start importing Assets/Resources/Player.prefab using Guid(76af55185852a16448ad18cc4aaf6738) Importer(815301076,1909f56bfc062723c751e8b465ee728b)  -> (artifact id: 'c7257cbaa3020644b47be6e8f62dfbe0') in 0.113286 seconds
Number of updated asset objects reloaded before import = 0
Number of asset objects unloaded after import = 115
========================================================================
Received Import Request.
  Time since last request: 6.278769 seconds.
  path: Assets/Resources/Player.prefab
  artifactKey: Guid(76af55185852a16448ad18cc4aaf6738) Importer(815301076,1909f56bfc062723c751e8b465ee728b)
Start importing Assets/Resources/Player.prefab using Guid(76af55185852a16448ad18cc4aaf6738) Importer(815301076,1909f56bfc062723c751e8b465ee728b)  -> (artifact id: '3e7af83448139bf56853dff5543499b8') in 0.033992 seconds
Number of updated asset objects reloaded before import = 0
Number of asset objects unloaded after import = 115
========================================================================
Received Prepare
Begin MonoManager ReloadAssembly
- Loaded All Assemblies, in  0.318 seconds
Refreshing native plugins compatible for Editor in 1.64 ms, found 3 plugins.
Native extension for WindowsStandalone target not found
Mono: successfully reloaded assembly
- Finished resetting the current domain, in  0.706 seconds
Domain Reload Profiling: 1024ms
	BeginReloadAssembly (118ms)
		ExecutionOrderSort (0ms)
		DisableScriptedObjects (3ms)
		BackupInstance (0ms)
		ReleaseScriptingObjects (0ms)
		CreateAndSetChildDomain (28ms)
	RebuildCommonClasses (23ms)
	RebuildNativeTypeToScriptingClass (8ms)
	initialDomainReloadingComplete (17ms)
	LoadAllAssembliesAndSetupDomain (152ms)
		LoadAssemblies (203ms)
		RebuildTransferFunctionScriptingTraits (0ms)
		AnalyzeDomain (11ms)
			TypeCache.Refresh (5ms)
				TypeCache.ScanAssembly (0ms)
			ScanForSourceGeneratedMonoScriptInfo (0ms)
			ResolveRequiredComponents (5ms)
	FinalizeReload (706ms)
		ReleaseScriptCaches (0ms)
		RebuildScriptCaches (0ms)
		SetupLoadedEditorAssemblies (442ms)
			LogAssemblyErrors (0ms)
			InitializePlatformSupportModulesInManaged (3ms)
			SetLoadedEditorAssemblies (3ms)
			RefreshPlugins (0ms)
			BeforeProcessingInitializeOnLoad (44ms)
			ProcessInitializeOnLoadAttributes (371ms)
			ProcessInitializeOnLoadMethodAttributes (19ms)
			AfterProcessingInitializeOnLoad (1ms)
			EditorAssembliesLoaded (0ms)
		ExecutionOrderSort2 (0ms)
		AwakeInstancesAfterBackupRestoration (6ms)
Refreshing native plugins compatible for Editor in 2.75 ms, found 3 plugins.
Preloading 0 native plugins for Editor in 0.00 ms.
Unloading 3489 Unused Serialized files (Serialized files now loaded: 0)
Unloading 30 unused Assets / (33.6 KB). Loaded Objects now: 4009.
Memory consumption went from 221.1 MB to 221.0 MB.
Total: 2.469100 ms (FindLiveObjects: 0.183200 ms CreateObjectMapping: 0.085100 ms MarkObjects: 2.152300 ms  DeleteObjects: 0.047600 ms)

Prepare: number of updated asset objects reloaded= 0
AssetImportParameters requested are different than current active one (requested -> active):
  custom:container-demuxer-ogg: 62fdf1f143b41e24485cea50d1cbac27 -> 
  custom:video-codec-MediaFoundation-h265: 746d11721c4dcdbdad8f713fa42b33f4 -> 
  custom:video-decoder-ogg-theora: a1e56fd34408186e4bbccfd4996cb3dc -> 
  custom:framework-win-MediaFoundation: 216162199b28c13a410421893ffa2e32 -> 
  custom:CustomObjectIndexerAttribute: 43b350a4d6e6d1791af0b5038c4bea17 -> 
  custom:container-demuxer-webm: 4f35f7cbe854078d1ac9338744f61a02 -> 
  custom:container-muxer-webm: aa71ff27fc2769a1b78a27578f13a17b -> 
  custom:video-decoder-webm-vp8: 9c59270c3fd7afecdb556c50c9e8de78 -> 
  custom:SearchIndexIgnoredProperties: e643bd26f0fe6173181afceb89e7c659 -> 
  custom:AudioImporter_EditorPlatform: d09bf68614088b80899f8185d706f6e7 -> 
  custom:video-encoder-webm-vp8: eb34c28f22e8b96e1ab97ce403110664 -> 
  custom:audio-decoder-ogg-vorbis: bf7c407c2cedff20999df2af8eb42d56 -> 
  custom:audio-encoder-webm-vorbis: bf7c407c2cedff20999df2af8eb42d56 -> 
========================================================================
Received Import Request.
  Time since last request: 11.949338 seconds.
  path: Assets/Resources/Player.prefab
  artifactKey: Guid(76af55185852a16448ad18cc4aaf6738) Importer(815301076,1909f56bfc062723c751e8b465ee728b)
Start importing Assets/Resources/Player.prefab using Guid(76af55185852a16448ad18cc4aaf6738) Importer(815301076,1909f56bfc062723c751e8b465ee728b)  -> (artifact id: 'dc5235542eecb5d964329c088ea0c84d') in 0.099118 seconds
Number of updated asset objects reloaded before import = 0
Number of asset objects unloaded after import = 115
========================================================================
Received Prepare
Begin MonoManager ReloadAssembly
- Loaded All Assemblies, in  0.306 seconds
Refreshing native plugins compatible for Editor in 2.28 ms, found 3 plugins.
Native extension for WindowsStandalone target not found
Mono: successfully reloaded assembly
- Finished resetting the current domain, in  0.750 seconds
Domain Reload Profiling: 1056ms
	BeginReloadAssembly (119ms)
		ExecutionOrderSort (0ms)
		DisableScriptedObjects (3ms)
		BackupInstance (0ms)
		ReleaseScriptingObjects (0ms)
		CreateAndSetChildDomain (31ms)
	RebuildCommonClasses (24ms)
	RebuildNativeTypeToScriptingClass (7ms)
	initialDomainReloadingComplete (20ms)
	LoadAllAssembliesAndSetupDomain (135ms)
		LoadAssemblies (185ms)
		RebuildTransferFunctionScriptingTraits (0ms)
		AnalyzeDomain (12ms)
			TypeCache.Refresh (5ms)
				TypeCache.ScanAssembly (0ms)
			ScanForSourceGeneratedMonoScriptInfo (0ms)
			ResolveRequiredComponents (5ms)
	FinalizeReload (750ms)
		ReleaseScriptCaches (0ms)
		RebuildScriptCaches (0ms)
		SetupLoadedEditorAssemblies (460ms)
			LogAssemblyErrors (0ms)
			InitializePlatformSupportModulesInManaged (3ms)
			SetLoadedEditorAssemblies (3ms)
			RefreshPlugins (0ms)
			BeforeProcessingInitializeOnLoad (45ms)
			ProcessInitializeOnLoadAttributes (386ms)
			ProcessInitializeOnLoadMethodAttributes (20ms)
			AfterProcessingInitializeOnLoad (2ms)
			EditorAssembliesLoaded (0ms)
		ExecutionOrderSort2 (0ms)
		AwakeInstancesAfterBackupRestoration (6ms)
Refreshing native plugins compatible for Editor in 2.52 ms, found 3 plugins.
Preloading 0 native plugins for Editor in 0.00 ms.
Unloading 3489 Unused Serialized files (Serialized files now loaded: 0)
Unloading 30 unused Assets / (33.6 KB). Loaded Objects now: 4013.
Memory consumption went from 223.0 MB to 223.0 MB.
Total: 2.746600 ms (FindLiveObjects: 0.233300 ms CreateObjectMapping: 0.150800 ms MarkObjects: 2.319200 ms  DeleteObjects: 0.042300 ms)

Prepare: number of updated asset objects reloaded= 0
AssetImportParameters requested are different than current active one (requested -> active):
  custom:container-demuxer-ogg: 62fdf1f143b41e24485cea50d1cbac27 -> 
  custom:video-codec-MediaFoundation-h265: 746d11721c4dcdbdad8f713fa42b33f4 -> 
  custom:video-decoder-ogg-theora: a1e56fd34408186e4bbccfd4996cb3dc -> 
  custom:framework-win-MediaFoundation: 216162199b28c13a410421893ffa2e32 -> 
  custom:CustomObjectIndexerAttribute: 43b350a4d6e6d1791af0b5038c4bea17 -> 
  custom:container-demuxer-webm: 4f35f7cbe854078d1ac9338744f61a02 -> 
  custom:container-muxer-webm: aa71ff27fc2769a1b78a27578f13a17b -> 
  custom:video-decoder-webm-vp8: 9c59270c3fd7afecdb556c50c9e8de78 -> 
  custom:SearchIndexIgnoredProperties: e643bd26f0fe6173181afceb89e7c659 -> 
  custom:AudioImporter_EditorPlatform: d09bf68614088b80899f8185d706f6e7 -> 
  custom:video-encoder-webm-vp8: eb34c28f22e8b96e1ab97ce403110664 -> 
  custom:audio-decoder-ogg-vorbis: bf7c407c2cedff20999df2af8eb42d56 -> 
  custom:audio-encoder-webm-vorbis: bf7c407c2cedff20999df2af8eb42d56 -> 
========================================================================
Received Import Request.
  Time since last request: 11.524786 seconds.
  path: Assets/Resources/Player.prefab
  artifactKey: Guid(76af55185852a16448ad18cc4aaf6738) Importer(815301076,1909f56bfc062723c751e8b465ee728b)
Start importing Assets/Resources/Player.prefab using Guid(76af55185852a16448ad18cc4aaf6738) Importer(815301076,1909f56bfc062723c751e8b465ee728b)  -> (artifact id: 'a1bb81bccb76ae0aec0bd2d78d1d26da') in 0.100751 seconds
Number of updated asset objects reloaded before import = 0
Number of asset objects unloaded after import = 115
========================================================================
Received Import Request.
  Time since last request: 30.016484 seconds.
  path: Assets/Resources/Prefabs
  artifactKey: Guid(2a97cd42b36811d47873bd223f2a8077) Importer(815301076,1909f56bfc062723c751e8b465ee728b)
Start importing Assets/Resources/Prefabs using Guid(2a97cd42b36811d47873bd223f2a8077) Importer(815301076,1909f56bfc062723c751e8b465ee728b)  -> (artifact id: '64756485853ebcd8f2b6e2daec931a81') in 0.000473 seconds
Number of updated asset objects reloaded before import = 0
Number of asset objects unloaded after import = 0
========================================================================
Received Prepare
Begin MonoManager ReloadAssembly
- Loaded All Assemblies, in  0.320 seconds
Refreshing native plugins compatible for Editor in 1.74 ms, found 3 plugins.
Native extension for WindowsStandalone target not found
Mono: successfully reloaded assembly
- Finished resetting the current domain, in  0.792 seconds
Domain Reload Profiling: 1112ms
	BeginReloadAssembly (119ms)
		ExecutionOrderSort (0ms)
		DisableScriptedObjects (5ms)
		BackupInstance (0ms)
		ReleaseScriptingObjects (0ms)
		CreateAndSetChildDomain (30ms)
	RebuildCommonClasses (27ms)
	RebuildNativeTypeToScriptingClass (8ms)
	initialDomainReloadingComplete (17ms)
	LoadAllAssembliesAndSetupDomain (149ms)
		LoadAssemblies (196ms)
		RebuildTransferFunctionScriptingTraits (0ms)
		AnalyzeDomain (12ms)
			TypeCache.Refresh (5ms)
				TypeCache.ScanAssembly (0ms)
			ScanForSourceGeneratedMonoScriptInfo (0ms)
			ResolveRequiredComponents (5ms)
	FinalizeReload (792ms)
		ReleaseScriptCaches (0ms)
		RebuildScriptCaches (0ms)
		SetupLoadedEditorAssemblies (471ms)
			LogAssemblyErrors (0ms)
			InitializePlatformSupportModulesInManaged (4ms)
			SetLoadedEditorAssemblies (4ms)
			RefreshPlugins (0ms)
			BeforeProcessingInitializeOnLoad (51ms)
			ProcessInitializeOnLoadAttributes (390ms)
			ProcessInitializeOnLoadMethodAttributes (20ms)
			AfterProcessingInitializeOnLoad (1ms)
			EditorAssembliesLoaded (0ms)
		ExecutionOrderSort2 (0ms)
		AwakeInstancesAfterBackupRestoration (6ms)
Refreshing native plugins compatible for Editor in 1.66 ms, found 3 plugins.
Preloading 0 native plugins for Editor in 0.00 ms.
Unloading 3489 Unused Serialized files (Serialized files now loaded: 0)
Unloading 30 unused Assets / (33.6 KB). Loaded Objects now: 4017.
Memory consumption went from 224.9 MB to 224.9 MB.
Total: 2.797500 ms (FindLiveObjects: 0.230100 ms CreateObjectMapping: 0.116900 ms MarkObjects: 2.397500 ms  DeleteObjects: 0.052000 ms)

Prepare: number of updated asset objects reloaded= 0
AssetImportParameters requested are different than current active one (requested -> active):
  custom:container-demuxer-ogg: 62fdf1f143b41e24485cea50d1cbac27 -> 
  custom:video-codec-MediaFoundation-h265: 746d11721c4dcdbdad8f713fa42b33f4 -> 
  custom:video-decoder-ogg-theora: a1e56fd34408186e4bbccfd4996cb3dc -> 
  custom:framework-win-MediaFoundation: 216162199b28c13a410421893ffa2e32 -> 
  custom:CustomObjectIndexerAttribute: 43b350a4d6e6d1791af0b5038c4bea17 -> 
  custom:container-demuxer-webm: 4f35f7cbe854078d1ac9338744f61a02 -> 
  custom:container-muxer-webm: aa71ff27fc2769a1b78a27578f13a17b -> 
  custom:video-decoder-webm-vp8: 9c59270c3fd7afecdb556c50c9e8de78 -> 
  custom:SearchIndexIgnoredProperties: e643bd26f0fe6173181afceb89e7c659 -> 
  custom:AudioImporter_EditorPlatform: d09bf68614088b80899f8185d706f6e7 -> 
  custom:video-encoder-webm-vp8: eb34c28f22e8b96e1ab97ce403110664 -> 
  custom:audio-decoder-ogg-vorbis: bf7c407c2cedff20999df2af8eb42d56 -> 
  custom:audio-encoder-webm-vorbis: bf7c407c2cedff20999df2af8eb42d56 -> 
========================================================================
Received Prepare
Begin MonoManager ReloadAssembly
- Loaded All Assemblies, in  0.316 seconds
Refreshing native plugins compatible for Editor in 1.97 ms, found 3 plugins.
Native extension for WindowsStandalone target not found
Mono: successfully reloaded assembly
- Finished resetting the current domain, in  0.828 seconds
Domain Reload Profiling: 1144ms
	BeginReloadAssembly (119ms)
		ExecutionOrderSort (0ms)
		DisableScriptedObjects (4ms)
		BackupInstance (0ms)
		ReleaseScriptingObjects (0ms)
		CreateAndSetChildDomain (27ms)
	RebuildCommonClasses (22ms)
	RebuildNativeTypeToScriptingClass (8ms)
	initialDomainReloadingComplete (19ms)
	LoadAllAssembliesAndSetupDomain (148ms)
		LoadAssemblies (199ms)
		RebuildTransferFunctionScriptingTraits (0ms)
		AnalyzeDomain (12ms)
			TypeCache.Refresh (5ms)
				TypeCache.ScanAssembly (0ms)
			ScanForSourceGeneratedMonoScriptInfo (0ms)
			ResolveRequiredComponents (5ms)
	FinalizeReload (829ms)
		ReleaseScriptCaches (0ms)
		RebuildScriptCaches (0ms)
		SetupLoadedEditorAssemblies (542ms)
			LogAssemblyErrors (0ms)
			InitializePlatformSupportModulesInManaged (4ms)
			SetLoadedEditorAssemblies (5ms)
			RefreshPlugins (0ms)
			BeforeProcessingInitializeOnLoad (54ms)
			ProcessInitializeOnLoadAttributes (455ms)
			ProcessInitializeOnLoadMethodAttributes (22ms)
			AfterProcessingInitializeOnLoad (2ms)
			EditorAssembliesLoaded (0ms)
		ExecutionOrderSort2 (0ms)
		AwakeInstancesAfterBackupRestoration (6ms)
Refreshing native plugins compatible for Editor in 1.58 ms, found 3 plugins.
Preloading 0 native plugins for Editor in 0.00 ms.
Unloading 3490 Unused Serialized files (Serialized files now loaded: 0)
Unloading 30 unused Assets / (33.6 KB). Loaded Objects now: 4021.
Memory consumption went from 227.1 MB to 227.0 MB.
Total: 2.508500 ms (FindLiveObjects: 0.185600 ms CreateObjectMapping: 0.096100 ms MarkObjects: 2.181700 ms  DeleteObjects: 0.044200 ms)

Prepare: number of updated asset objects reloaded= 0
AssetImportParameters requested are different than current active one (requested -> active):
  custom:container-demuxer-ogg: 62fdf1f143b41e24485cea50d1cbac27 -> 
  custom:video-codec-MediaFoundation-h265: 746d11721c4dcdbdad8f713fa42b33f4 -> 
  custom:video-decoder-ogg-theora: a1e56fd34408186e4bbccfd4996cb3dc -> 
  custom:framework-win-MediaFoundation: 216162199b28c13a410421893ffa2e32 -> 
  custom:CustomObjectIndexerAttribute: 43b350a4d6e6d1791af0b5038c4bea17 -> 
  custom:container-demuxer-webm: 4f35f7cbe854078d1ac9338744f61a02 -> 
  custom:container-muxer-webm: aa71ff27fc2769a1b78a27578f13a17b -> 
  custom:video-decoder-webm-vp8: 9c59270c3fd7afecdb556c50c9e8de78 -> 
  custom:SearchIndexIgnoredProperties: e643bd26f0fe6173181afceb89e7c659 -> 
  custom:AudioImporter_EditorPlatform: d09bf68614088b80899f8185d706f6e7 -> 
  custom:video-encoder-webm-vp8: eb34c28f22e8b96e1ab97ce403110664 -> 
  custom:audio-decoder-ogg-vorbis: bf7c407c2cedff20999df2af8eb42d56 -> 
  custom:audio-encoder-webm-vorbis: bf7c407c2cedff20999df2af8eb42d56 -> 
========================================================================
Received Import Request.
  Time since last request: 95.961163 seconds.
  path: Assets/Resources/Prefabs/Player.prefab
  artifactKey: Guid(76af55185852a16448ad18cc4aaf6738) Importer(815301076,1909f56bfc062723c751e8b465ee728b)
Start importing Assets/Resources/Prefabs/Player.prefab using Guid(76af55185852a16448ad18cc4aaf6738) Importer(815301076,1909f56bfc062723c751e8b465ee728b)  -> (artifact id: 'fd08f253287b8ad62fd9c3f14fddd2fb') in 0.101179 seconds
Number of updated asset objects reloaded before import = 0
Number of asset objects unloaded after import = 115
========================================================================
Received Prepare
Begin MonoManager ReloadAssembly
- Loaded All Assemblies, in  0.330 seconds
Refreshing native plugins compatible for Editor in 1.60 ms, found 3 plugins.
Native extension for WindowsStandalone target not found
Mono: successfully reloaded assembly
- Finished resetting the current domain, in  0.833 seconds
Domain Reload Profiling: 1164ms
	BeginReloadAssembly (131ms)
		ExecutionOrderSort (0ms)
		DisableScriptedObjects (5ms)
		BackupInstance (0ms)
		ReleaseScriptingObjects (0ms)
		CreateAndSetChildDomain (29ms)
	RebuildCommonClasses (29ms)
	RebuildNativeTypeToScriptingClass (8ms)
	initialDomainReloadingComplete (20ms)
	LoadAllAssembliesAndSetupDomain (142ms)
		LoadAssemblies (201ms)
		RebuildTransferFunctionScriptingTraits (0ms)
		AnalyzeDomain (12ms)
			TypeCache.Refresh (5ms)
				TypeCache.ScanAssembly (0ms)
			ScanForSourceGeneratedMonoScriptInfo (0ms)
			ResolveRequiredComponents (6ms)
	FinalizeReload (834ms)
		ReleaseScriptCaches (0ms)
		RebuildScriptCaches (0ms)
		SetupLoadedEditorAssemblies (503ms)
			LogAssemblyErrors (0ms)
			InitializePlatformSupportModulesInManaged (5ms)
			SetLoadedEditorAssemblies (6ms)
			RefreshPlugins (0ms)
			BeforeProcessingInitializeOnLoad (47ms)
			ProcessInitializeOnLoadAttributes (423ms)
			ProcessInitializeOnLoadMethodAttributes (20ms)
			AfterProcessingInitializeOnLoad (2ms)
			EditorAssembliesLoaded (0ms)
		ExecutionOrderSort2 (0ms)
		AwakeInstancesAfterBackupRestoration (6ms)
Refreshing native plugins compatible for Editor in 2.39 ms, found 3 plugins.
Preloading 0 native plugins for Editor in 0.00 ms.
Unloading 3489 Unused Serialized files (Serialized files now loaded: 0)
Unloading 30 unused Assets / (33.7 KB). Loaded Objects now: 4025.
Memory consumption went from 228.7 MB to 228.7 MB.
Total: 2.695300 ms (FindLiveObjects: 0.198100 ms CreateObjectMapping: 0.087100 ms MarkObjects: 2.360900 ms  DeleteObjects: 0.048400 ms)

Prepare: number of updated asset objects reloaded= 0
AssetImportParameters requested are different than current active one (requested -> active):
  custom:container-demuxer-ogg: 62fdf1f143b41e24485cea50d1cbac27 -> 
  custom:video-codec-MediaFoundation-h265: 746d11721c4dcdbdad8f713fa42b33f4 -> 
  custom:video-decoder-ogg-theora: a1e56fd34408186e4bbccfd4996cb3dc -> 
  custom:framework-win-MediaFoundation: 216162199b28c13a410421893ffa2e32 -> 
  custom:CustomObjectIndexerAttribute: 43b350a4d6e6d1791af0b5038c4bea17 -> 
  custom:container-demuxer-webm: 4f35f7cbe854078d1ac9338744f61a02 -> 
  custom:container-muxer-webm: aa71ff27fc2769a1b78a27578f13a17b -> 
  custom:video-decoder-webm-vp8: 9c59270c3fd7afecdb556c50c9e8de78 -> 
  custom:SearchIndexIgnoredProperties: e643bd26f0fe6173181afceb89e7c659 -> 
  custom:AudioImporter_EditorPlatform: d09bf68614088b80899f8185d706f6e7 -> 
  custom:video-encoder-webm-vp8: eb34c28f22e8b96e1ab97ce403110664 -> 
  custom:audio-decoder-ogg-vorbis: bf7c407c2cedff20999df2af8eb42d56 -> 
  custom:audio-encoder-webm-vorbis: bf7c407c2cedff20999df2af8eb42d56 -> 
========================================================================
Received Import Request.
  Time since last request: 191.516428 seconds.
  path: Assets/kitchen
  artifactKey: Guid(28628970cb480f147ab7311a16db77f4) Importer(815301076,1909f56bfc062723c751e8b465ee728b)
Start importing Assets/kitchen using Guid(28628970cb480f147ab7311a16db77f4) Importer(815301076,1909f56bfc062723c751e8b465ee728b)  -> (artifact id: 'cc59114a12a4402f780638d1e348e168') in 0.002588 seconds
Number of updated asset objects reloaded before import = 0
Number of asset objects unloaded after import = 0
========================================================================
Received Import Request.
  Time since last request: 0.031110 seconds.
  path: Assets/kitchen/Psx House.fbx
  artifactKey: Guid(69d59823a8c69674f965a821196ba756) Importer(815301076,1909f56bfc062723c751e8b465ee728b)
Start importing Assets/kitchen/Psx House.fbx using Guid(69d59823a8c69674f965a821196ba756) Importer(815301076,1909f56bfc062723c751e8b465ee728b)  -> (artifact id: '0fa932aa2b4d7fd46b9f4f77cb000352') in 1.307523 seconds
Number of updated asset objects reloaded before import = 0
Number of asset objects unloaded after import = 1177
========================================================================
Received Import Request.
  Time since last request: 18.455021 seconds.
  path: Assets/kitchen props
  artifactKey: Guid(68191e16abb2f7440adb4c26b3652475) Importer(815301076,1909f56bfc062723c751e8b465ee728b)
Start importing Assets/kitchen props using Guid(68191e16abb2f7440adb4c26b3652475) Importer(815301076,1909f56bfc062723c751e8b465ee728b)  -> (artifact id: '50d218f4399f1539b60ae0d307d130bf') in 0.001142 seconds
Number of updated asset objects reloaded before import = 0
Number of asset objects unloaded after import = 0
========================================================================
Received Import Request.
  Time since last request: 1.893448 seconds.
  path: Assets/kitchen props/textures
  artifactKey: Guid(98920320f78d16e478e2920bea0584da) Importer(815301076,1909f56bfc062723c751e8b465ee728b)
Start importing Assets/kitchen props/textures using Guid(98920320f78d16e478e2920bea0584da) Importer(815301076,1909f56bfc062723c751e8b465ee728b)  -> (artifact id: 'e798f98a4e1bda658ca0b933474e5aa9') in 0.000402 seconds
Number of updated asset objects reloaded before import = 0
Number of asset objects unloaded after import = 0
========================================================================
Received Import Request.
  Time since last request: 0.089956 seconds.
  path: Assets/kitchen props/textures/beer.png
  artifactKey: Guid(fffd28b8f7b403340819c4168cee8a2d) Importer(815301076,1909f56bfc062723c751e8b465ee728b)
Start importing Assets/kitchen props/textures/beer.png using Guid(fffd28b8f7b403340819c4168cee8a2d) Importer(815301076,1909f56bfc062723c751e8b465ee728b)  -> (artifact id: 'a0da10cbb08df3059b1eea4b98dc79c6') in 0.023461 seconds
Number of updated asset objects reloaded before import = 0
Number of asset objects unloaded after import = 2
========================================================================
Received Import Request.
  Time since last request: 0.000017 seconds.
  path: Assets/kitchen props/textures/table.01.png
  artifactKey: Guid(916889071bd5be7469ecfa96b5df65b2) Importer(815301076,1909f56bfc062723c751e8b465ee728b)
Start importing Assets/kitchen props/textures/table.01.png using Guid(916889071bd5be7469ecfa96b5df65b2) Importer(815301076,1909f56bfc062723c751e8b465ee728b)  -> (artifact id: '25ce9ce132c1a4021e788530564115df') in 0.015292 seconds
Number of updated asset objects reloaded before import = 0
Number of asset objects unloaded after import = 2
========================================================================
Received Import Request.
  Time since last request: 0.000017 seconds.
  path: Assets/kitchen props/textures/chocolate bar.png
  artifactKey: Guid(925008e2312a58a4b9f2ac300015ad07) Importer(815301076,1909f56bfc062723c751e8b465ee728b)
Start importing Assets/kitchen props/textures/chocolate bar.png using Guid(925008e2312a58a4b9f2ac300015ad07) Importer(815301076,1909f56bfc062723c751e8b465ee728b)  -> (artifact id: '0d67c4eb9170ffdb1d17debff0c303f8') in 0.015368 seconds
Number of updated asset objects reloaded before import = 0
Number of asset objects unloaded after import = 2
========================================================================
Received Import Request.
  Time since last request: 0.000103 seconds.
  path: Assets/kitchen props/textures/texture plane fridge.png
  artifactKey: Guid(bb5763f5cdceec443b3897bdb62aacd1) Importer(815301076,1909f56bfc062723c751e8b465ee728b)
Start importing Assets/kitchen props/textures/texture plane fridge.png using Guid(bb5763f5cdceec443b3897bdb62aacd1) Importer(815301076,1909f56bfc062723c751e8b465ee728b)  -> (artifact id: 'c9716ea2c3d9967c953746a82e0d08d4') in 0.014916 seconds
Number of updated asset objects reloaded before import = 0
Number of asset objects unloaded after import = 2
========================================================================
Received Import Request.
  Time since last request: 0.000017 seconds.
  path: Assets/kitchen props/textures/black.png
  artifactKey: Guid(a3878bc9a023d1d49b6352493cf7d159) Importer(815301076,1909f56bfc062723c751e8b465ee728b)
Start importing Assets/kitchen props/textures/black.png using Guid(a3878bc9a023d1d49b6352493cf7d159) Importer(815301076,1909f56bfc062723c751e8b465ee728b)  -> (artifact id: '98307600bcf1d0b8c3c616a41c9edc97') in 0.014995 seconds
Number of updated asset objects reloaded before import = 0
Number of asset objects unloaded after import = 2
========================================================================
Received Import Request.
  Time since last request: 0.000023 seconds.
  path: Assets/kitchen props/textures/table.02.png
  artifactKey: Guid(5b4399ec157cec54799842e2fc398638) Importer(815301076,1909f56bfc062723c751e8b465ee728b)
Start importing Assets/kitchen props/textures/table.02.png using Guid(5b4399ec157cec54799842e2fc398638) Importer(815301076,1909f56bfc062723c751e8b465ee728b)  -> (artifact id: 'cf81e67798fbe15508a9f9536d7a3d9e') in 0.013828 seconds
Number of updated asset objects reloaded before import = 0
Number of asset objects unloaded after import = 2
========================================================================
Received Import Request.
  Time since last request: 0.000014 seconds.
  path: Assets/kitchen props/textures/fridge int.png
  artifactKey: Guid(2c0a1ab8f1066f946a834b4b8d1055c0) Importer(815301076,1909f56bfc062723c751e8b465ee728b)
Start importing Assets/kitchen props/textures/fridge int.png using Guid(2c0a1ab8f1066f946a834b4b8d1055c0) Importer(815301076,1909f56bfc062723c751e8b465ee728b)  -> (artifact id: '09a2f2f0458fb1be6e1347f916aa57a9') in 0.014409 seconds
Number of updated asset objects reloaded before import = 0
Number of asset objects unloaded after import = 2
========================================================================
Received Import Request.
  Time since last request: 0.000019 seconds.
  path: Assets/kitchen props/textures/glass.png
  artifactKey: Guid(7ccc0438c8c762040912647233693583) Importer(815301076,1909f56bfc062723c751e8b465ee728b)
Start importing Assets/kitchen props/textures/glass.png using Guid(7ccc0438c8c762040912647233693583) Importer(815301076,1909f56bfc062723c751e8b465ee728b)  -> (artifact id: '0717f44ed1b6bef4e278d0cf13086d97') in 0.013425 seconds
Number of updated asset objects reloaded before import = 0
Number of asset objects unloaded after import = 2
========================================================================
Received Import Request.
  Time since last request: 0.000014 seconds.
  path: Assets/kitchen props/textures/fridge ext.png
  artifactKey: Guid(35cadc72595fe24429d1e6381e89ad7d) Importer(815301076,1909f56bfc062723c751e8b465ee728b)
Start importing Assets/kitchen props/textures/fridge ext.png using Guid(35cadc72595fe24429d1e6381e89ad7d) Importer(815301076,1909f56bfc062723c751e8b465ee728b)  -> (artifact id: '83c060b7c31f1d4e37edbacff53eb1ab') in 0.014754 seconds
Number of updated asset objects reloaded before import = 0
Number of asset objects unloaded after import = 2
========================================================================
Received Import Request.
  Time since last request: 0.000015 seconds.
  path: Assets/kitchen props/textures/cereal box 01.png
  artifactKey: Guid(0c249cf4ceba25940bb76cd20970c5be) Importer(815301076,1909f56bfc062723c751e8b465ee728b)
Start importing Assets/kitchen props/textures/cereal box 01.png using Guid(0c249cf4ceba25940bb76cd20970c5be) Importer(815301076,1909f56bfc062723c751e8b465ee728b)  -> (artifact id: '3e93b8f6d1f6aa4080dad3a6ae4bca03') in 0.013391 seconds
Number of updated asset objects reloaded before import = 0
Number of asset objects unloaded after import = 2
========================================================================
Received Import Request.
  Time since last request: 0.000031 seconds.
  path: Assets/kitchen props/textures/microwave.png
  artifactKey: Guid(817c58753617c7543a05c6ee373a8833) Importer(815301076,1909f56bfc062723c751e8b465ee728b)
Start importing Assets/kitchen props/textures/microwave.png using Guid(817c58753617c7543a05c6ee373a8833) Importer(815301076,1909f56bfc062723c751e8b465ee728b)  -> (artifact id: 'ef8049661d75558f7c7df3a971a23529') in 0.013245 seconds
Number of updated asset objects reloaded before import = 0
Number of asset objects unloaded after import = 2
========================================================================
Received Import Request.
  Time since last request: 0.000015 seconds.
  path: Assets/kitchen props/textures/soda can.png
  artifactKey: Guid(9c5c80a931ad4814dbc0fde4981996d3) Importer(815301076,1909f56bfc062723c751e8b465ee728b)
Start importing Assets/kitchen props/textures/soda can.png using Guid(9c5c80a931ad4814dbc0fde4981996d3) Importer(815301076,1909f56bfc062723c751e8b465ee728b)  -> (artifact id: '38baae52b68092e56218669b39b111d3') in 0.013943 seconds
Number of updated asset objects reloaded before import = 0
Number of asset objects unloaded after import = 2
========================================================================
Received Import Request.
  Time since last request: 0.000016 seconds.
  path: Assets/kitchen props/textures/chocolate.png
  artifactKey: Guid(03fb1006337b2f843b9fcf4be151c7f9) Importer(815301076,1909f56bfc062723c751e8b465ee728b)
Start importing Assets/kitchen props/textures/chocolate.png using Guid(03fb1006337b2f843b9fcf4be151c7f9) Importer(815301076,1909f56bfc062723c751e8b465ee728b)  -> (artifact id: '2a37734c19ea0aa1eb0d23521867dc6a') in 0.013761 seconds
Number of updated asset objects reloaded before import = 0
Number of asset objects unloaded after import = 2
========================================================================
Received Import Request.
  Time since last request: 0.000011 seconds.
  path: Assets/kitchen props/textures/cereal box 03.png
  artifactKey: Guid(a3199f5873ac2c041beb613f1b91bde5) Importer(815301076,1909f56bfc062723c751e8b465ee728b)
Start importing Assets/kitchen props/textures/cereal box 03.png using Guid(a3199f5873ac2c041beb613f1b91bde5) Importer(815301076,1909f56bfc062723c751e8b465ee728b)  -> (artifact id: '38420fcdb3d793dd21cfb2a0a583dfd3') in 0.013565 seconds
Number of updated asset objects reloaded before import = 0
Number of asset objects unloaded after import = 2
========================================================================
Received Import Request.
  Time since last request: 0.000015 seconds.
  path: Assets/kitchen props/textures/beer can.png
  artifactKey: Guid(0c18e515d71518e429028a2e1399c8a9) Importer(815301076,1909f56bfc062723c751e8b465ee728b)
Start importing Assets/kitchen props/textures/beer can.png using Guid(0c18e515d71518e429028a2e1399c8a9) Importer(815301076,1909f56bfc062723c751e8b465ee728b)  -> (artifact id: '417fc0d180ad863a712067b9ab60adb0') in 0.013467 seconds
Number of updated asset objects reloaded before import = 0
Number of asset objects unloaded after import = 2
========================================================================
Received Import Request.
  Time since last request: 0.000016 seconds.
  path: Assets/kitchen props/textures/bol.04.png
  artifactKey: Guid(40915dac1721d7d4fb8fca1650ebfa02) Importer(815301076,1909f56bfc062723c751e8b465ee728b)
Start importing Assets/kitchen props/textures/bol.04.png using Guid(40915dac1721d7d4fb8fca1650ebfa02) Importer(815301076,1909f56bfc062723c751e8b465ee728b)  -> (artifact id: 'ecc3aa6a0585866d4f8d204df6f119ac') in 0.012781 seconds
Number of updated asset objects reloaded before import = 0
Number of asset objects unloaded after import = 2
========================================================================
Received Import Request.
  Time since last request: 0.000013 seconds.
  path: Assets/kitchen props/textures/dishes.png
  artifactKey: Guid(5aab264d705463942ba0707df623c2ec) Importer(815301076,1909f56bfc062723c751e8b465ee728b)
Start importing Assets/kitchen props/textures/dishes.png using Guid(5aab264d705463942ba0707df623c2ec) Importer(815301076,1909f56bfc062723c751e8b465ee728b)  -> (artifact id: 'd614d237b99b824b8f893ea3468f0772') in 0.012695 seconds
Number of updated asset objects reloaded before import = 0
Number of asset objects unloaded after import = 2
========================================================================
Received Import Request.
  Time since last request: 0.000013 seconds.
  path: Assets/kitchen props/textures/Pizza box.png
  artifactKey: Guid(fb037ee2b35bcbc4085078fa0c70ac9c) Importer(815301076,1909f56bfc062723c751e8b465ee728b)
Start importing Assets/kitchen props/textures/Pizza box.png using Guid(fb037ee2b35bcbc4085078fa0c70ac9c) Importer(815301076,1909f56bfc062723c751e8b465ee728b)  -> (artifact id: '7d548de43ebaf83e5e5e055a67e0edaa') in 0.012710 seconds
Number of updated asset objects reloaded before import = 0
Number of asset objects unloaded after import = 2
========================================================================
Received Import Request.
  Time since last request: 0.000018 seconds.
  path: Assets/kitchen props/textures/cola can.png
  artifactKey: Guid(bb69f5ea707c195459fa83e19a9cb7ac) Importer(815301076,1909f56bfc062723c751e8b465ee728b)
Start importing Assets/kitchen props/textures/cola can.png using Guid(bb69f5ea707c195459fa83e19a9cb7ac) Importer(815301076,1909f56bfc062723c751e8b465ee728b)  -> (artifact id: '1af03115e409823bfb1e0dc6b6f49fbe') in 0.012546 seconds
Number of updated asset objects reloaded before import = 0
Number of asset objects unloaded after import = 2
========================================================================
Received Import Request.
  Time since last request: 3.474590 seconds.
  path: Assets/kitchen props/fbx/bowl_01.fbx
  artifactKey: Guid(7a3425e5404908943954f3c8c9df8b7c) Importer(815301076,1909f56bfc062723c751e8b465ee728b)
Start importing Assets/kitchen props/fbx/bowl_01.fbx using Guid(7a3425e5404908943954f3c8c9df8b7c) Importer(815301076,1909f56bfc062723c751e8b465ee728b)  -> (artifact id: 'bdc748b48989978f272c8285105039f5') in 0.025987 seconds
Number of updated asset objects reloaded before import = 0
Number of asset objects unloaded after import = 9
========================================================================
Received Import Request.
  Time since last request: 0.000022 seconds.
  path: Assets/kitchen props/fbx/butter_knife.fbx
  artifactKey: Guid(7b633c416b7b7aa48aaa512c6a1c14ec) Importer(815301076,1909f56bfc062723c751e8b465ee728b)
Start importing Assets/kitchen props/fbx/butter_knife.fbx using Guid(7b633c416b7b7aa48aaa512c6a1c14ec) Importer(815301076,1909f56bfc062723c751e8b465ee728b)  -> (artifact id: 'fccbfed8d8cd6eaf1a88a4aa93c1ba3f') in 0.021917 seconds
Number of updated asset objects reloaded before import = 0
Number of asset objects unloaded after import = 9
========================================================================
Received Import Request.
  Time since last request: 0.000027 seconds.
  path: Assets/kitchen props/fbx/bowl_04.fbx
  artifactKey: Guid(7fda06a271f0a0d46be373f010804a26) Importer(815301076,1909f56bfc062723c751e8b465ee728b)
Start importing Assets/kitchen props/fbx/bowl_04.fbx using Guid(7fda06a271f0a0d46be373f010804a26) Importer(815301076,1909f56bfc062723c751e8b465ee728b)  -> (artifact id: 'e8d6293649058731effc2b6aae359d05') in 0.029775 seconds
Number of updated asset objects reloaded before import = 0
Number of asset objects unloaded after import = 9
========================================================================
Received Import Request.
  Time since last request: 0.000015 seconds.
  path: Assets/kitchen props/fbx/pizza_box_semi_close_with_pizza.fbx
  artifactKey: Guid(1d9dd482636f6e546a0fec272823fdc6) Importer(815301076,1909f56bfc062723c751e8b465ee728b)
Start importing Assets/kitchen props/fbx/pizza_box_semi_close_with_pizza.fbx using Guid(1d9dd482636f6e546a0fec272823fdc6) Importer(815301076,1909f56bfc062723c751e8b465ee728b)  -> (artifact id: 'b5aa2cf6d51cf02f9691f30fb11928e4') in 0.033528 seconds
Number of updated asset objects reloaded before import = 0
Number of asset objects unloaded after import = 11
========================================================================
Received Import Request.
  Time since last request: 0.000014 seconds.
  path: Assets/kitchen props/fbx/empy_glass_02.fbx
  artifactKey: Guid(adeb992f7c23f254a93bd4d9e4daa25a) Importer(815301076,1909f56bfc062723c751e8b465ee728b)
Start importing Assets/kitchen props/fbx/empy_glass_02.fbx using Guid(adeb992f7c23f254a93bd4d9e4daa25a) Importer(815301076,1909f56bfc062723c751e8b465ee728b)  -> (artifact id: '907659e3b3b69412e613c04c5857dd8d') in 0.117325 seconds
Number of updated asset objects reloaded before import = 0
Number of asset objects unloaded after import = 10
========================================================================
Received Import Request.
  Time since last request: 0.000015 seconds.
  path: Assets/kitchen props/fbx/pizza_quarter_eaten.fbx
  artifactKey: Guid(4f34bd672d41c414ab49b2fdb1421939) Importer(815301076,1909f56bfc062723c751e8b465ee728b)
Start importing Assets/kitchen props/fbx/pizza_quarter_eaten.fbx using Guid(4f34bd672d41c414ab49b2fdb1421939) Importer(815301076,1909f56bfc062723c751e8b465ee728b)  -> (artifact id: '47d3fbd432dd3880d87f219357533066') in 0.031168 seconds
Number of updated asset objects reloaded before import = 0
Number of asset objects unloaded after import = 11
========================================================================
Received Import Request.
  Time since last request: 0.000018 seconds.
  path: Assets/kitchen props/fbx/pizza_box_clean.fbx
  artifactKey: Guid(ccf79f2bd56912f40af42bfae093ee84) Importer(815301076,1909f56bfc062723c751e8b465ee728b)
Start importing Assets/kitchen props/fbx/pizza_box_clean.fbx using Guid(ccf79f2bd56912f40af42bfae093ee84) Importer(815301076,1909f56bfc062723c751e8b465ee728b)  -> (artifact id: '6f8b9872cf7a31fa6c6d9922199121fa') in 0.020482 seconds
Number of updated asset objects reloaded before import = 0
Number of asset objects unloaded after import = 9
========================================================================
Received Import Request.
  Time since last request: 0.000029 seconds.
  path: Assets/kitchen props/fbx/dirty_plate.fbx
  artifactKey: Guid(6209df2807f181a4ea4a75295428fc96) Importer(815301076,1909f56bfc062723c751e8b465ee728b)
Start importing Assets/kitchen props/fbx/dirty_plate.fbx using Guid(6209df2807f181a4ea4a75295428fc96) Importer(815301076,1909f56bfc062723c751e8b465ee728b)  -> (artifact id: 'd6d57323af00ad4a7f1a44969dd4ad7f') in 0.019609 seconds
Number of updated asset objects reloaded before import = 0
Number of asset objects unloaded after import = 9
========================================================================
Received Import Request.
  Time since last request: 0.000016 seconds.
  path: Assets/kitchen props/fbx/glass_of_water_02.fbx
  artifactKey: Guid(436c0d5589e8e3741b789396a8e1e4e2) Importer(815301076,1909f56bfc062723c751e8b465ee728b)
Start importing Assets/kitchen props/fbx/glass_of_water_02.fbx using Guid(436c0d5589e8e3741b789396a8e1e4e2) Importer(815301076,1909f56bfc062723c751e8b465ee728b)  -> (artifact id: '9cd421423311cc6e53d2aba18ca433e1') in 0.029053 seconds
Number of updated asset objects reloaded before import = 0
Number of asset objects unloaded after import = 12
========================================================================
Received Import Request.
  Time since last request: 0.000018 seconds.
  path: Assets/kitchen props/fbx/chair.fbx
  artifactKey: Guid(2c8d7190f23ac4f43814a74c08cda096) Importer(815301076,1909f56bfc062723c751e8b465ee728b)
Start importing Assets/kitchen props/fbx/chair.fbx using Guid(2c8d7190f23ac4f43814a74c08cda096) Importer(815301076,1909f56bfc062723c751e8b465ee728b)  -> (artifact id: 'bba8d915159e1967a9ec6e43a097f772') in 0.021951 seconds
Number of updated asset objects reloaded before import = 0
Number of asset objects unloaded after import = 9
========================================================================
Received Import Request.
  Time since last request: 0.000015 seconds.
  path: Assets/kitchen props/fbx/pizza_one_slice_gone.fbx
  artifactKey: Guid(5aa05a323683ee04c8101dfd76cbca8d) Importer(815301076,1909f56bfc062723c751e8b465ee728b)
Start importing Assets/kitchen props/fbx/pizza_one_slice_gone.fbx using Guid(5aa05a323683ee04c8101dfd76cbca8d) Importer(815301076,1909f56bfc062723c751e8b465ee728b)  -> (artifact id: 'd346a43cea0f6056d95aa34a8cc2b2ea') in 0.024665 seconds
Number of updated asset objects reloaded before import = 0
Number of asset objects unloaded after import = 11
========================================================================
Received Import Request.
  Time since last request: 0.000017 seconds.
  path: Assets/kitchen props/fbx/table_01.fbx
  artifactKey: Guid(c04e57347285cd74ba5c67e2377fd000) Importer(815301076,1909f56bfc062723c751e8b465ee728b)
Start importing Assets/kitchen props/fbx/table_01.fbx using Guid(c04e57347285cd74ba5c67e2377fd000) Importer(815301076,1909f56bfc062723c751e8b465ee728b)  -> (artifact id: 'b07c55f2f2a8da21472e0f9c33ed8dc6') in 0.022264 seconds
Number of updated asset objects reloaded before import = 0
Number of asset objects unloaded after import = 9
========================================================================
Received Import Request.
  Time since last request: 0.000017 seconds.
  path: Assets/kitchen props/fbx/microwave.fbx
  artifactKey: Guid(37670338dff55aa439e4d008faaf68d3) Importer(815301076,1909f56bfc062723c751e8b465ee728b)
Start importing Assets/kitchen props/fbx/microwave.fbx using Guid(37670338dff55aa439e4d008faaf68d3) Importer(815301076,1909f56bfc062723c751e8b465ee728b)  -> (artifact id: 'bd6d9edcbc1685393b90799ff3a36d47') in 0.028543 seconds
Number of updated asset objects reloaded before import = 0
Number of asset objects unloaded after import = 12
========================================================================
Received Import Request.
  Time since last request: 0.000015 seconds.
  path: Assets/kitchen props/fbx/table_02.fbx
  artifactKey: Guid(11287c57564561c4ca7cf562846db8ba) Importer(815301076,1909f56bfc062723c751e8b465ee728b)
Start importing Assets/kitchen props/fbx/table_02.fbx using Guid(11287c57564561c4ca7cf562846db8ba) Importer(815301076,1909f56bfc062723c751e8b465ee728b)  -> (artifact id: '3e927187b2bc0298b7ddfd21451fa56e') in 0.018630 seconds
Number of updated asset objects reloaded before import = 0
Number of asset objects unloaded after import = 9
========================================================================
Received Import Request.
  Time since last request: 0.000016 seconds.
  path: Assets/kitchen props/fbx/fridge_door.fbx
  artifactKey: Guid(fc2c2ad5073d809448b196cd83f4dd4a) Importer(815301076,1909f56bfc062723c751e8b465ee728b)
Start importing Assets/kitchen props/fbx/fridge_door.fbx using Guid(fc2c2ad5073d809448b196cd83f4dd4a) Importer(815301076,1909f56bfc062723c751e8b465ee728b)  -> (artifact id: '85385cff4b06f50e7c3ab920194541d7') in 0.023158 seconds
Number of updated asset objects reloaded before import = 0
Number of asset objects unloaded after import = 11
========================================================================
Received Import Request.
  Time since last request: 0.000018 seconds.
  path: Assets/kitchen props/fbx/chocolate_bar_open.fbx
  artifactKey: Guid(e098e4e6ed13c614dbabd5035b60840b) Importer(815301076,1909f56bfc062723c751e8b465ee728b)
Start importing Assets/kitchen props/fbx/chocolate_bar_open.fbx using Guid(e098e4e6ed13c614dbabd5035b60840b) Importer(815301076,1909f56bfc062723c751e8b465ee728b)  -> (artifact id: '022b70044624423b3bc1d784e6388e9e') in 0.022382 seconds
Number of updated asset objects reloaded before import = 0
Number of asset objects unloaded after import = 11
========================================================================
Received Import Request.
  Time since last request: 0.000017 seconds.
  path: Assets/kitchen props/fbx/pizza_slice.fbx
  artifactKey: Guid(e8e17302253b9804cb4a9a686c392c6c) Importer(815301076,1909f56bfc062723c751e8b465ee728b)
Start importing Assets/kitchen props/fbx/pizza_slice.fbx using Guid(e8e17302253b9804cb4a9a686c392c6c) Importer(815301076,1909f56bfc062723c751e8b465ee728b)  -> (artifact id: 'cb6396900d8782c426dbcc148b14d9e7') in 0.018186 seconds
Number of updated asset objects reloaded before import = 0
Number of asset objects unloaded after import = 9
Editor requested this worker to shutdown with reason: Scaling down because of idle timeout
TcpMessagingSession - receive error: operation aborted. errorcode: 995, details: The I/O operation has been aborted because of either a thread exit or an application request.
AssetImportWorker is now disconnected from the server
Process exiting
Exiting without the bug reporter. Application will terminate with return code 0