Using pre-set license
Built from '2022.3/staging' branch; Version is '2022.3.15f1 (b58023a2b463) revision 11894819'; Using compiler version '192829333'; Build Type 'Release'
OS: 'Windows 11  (10.0.22631) 64bit Professional' Language: 'en' Physical Memory: 32606 MB
BatchMode: 1, IsHumanControllingUs: 0, StartBugReporterOnCrash: 0, Is64bit: 1, IsPro: 1

COMMAND LINE ARGUMENTS:
D:\2022.3.15f1\Editor\Unity.exe
-adb2
-batchMode
-noUpm
-name
AssetImportWorker2
-projectPath
D:/Unity Projects D/FriedEgg
-logFile
Logs/AssetImportWorker2.log
-srvPort
59348
Successfully changed project path to: D:/Unity Projects D/FriedEgg
D:/Unity Projects D/FriedEgg
[UnityMemory] Configuration Parameters - Can be set up in boot.config
    "memorysetup-bucket-allocator-granularity=16"
    "memorysetup-bucket-allocator-bucket-count=8"
    "memorysetup-bucket-allocator-block-size=33554432"
    "memorysetup-bucket-allocator-block-count=8"
    "memorysetup-main-allocator-block-size=16777216"
    "memorysetup-thread-allocator-block-size=16777216"
    "memorysetup-gfx-main-allocator-block-size=16777216"
    "memorysetup-gfx-thread-allocator-block-size=16777216"
    "memorysetup-cache-allocator-block-size=4194304"
    "memorysetup-typetree-allocator-block-size=2097152"
    "memorysetup-profiler-bucket-allocator-granularity=16"
    "memorysetup-profiler-bucket-allocator-bucket-count=8"
    "memorysetup-profiler-bucket-allocator-block-size=33554432"
    "memorysetup-profiler-bucket-allocator-block-count=8"
    "memorysetup-profiler-allocator-block-size=16777216"
    "memorysetup-profiler-editor-allocator-block-size=1048576"
    "memorysetup-temp-allocator-size-main=16777216"
    "memorysetup-job-temp-allocator-block-size=2097152"
    "memorysetup-job-temp-allocator-block-size-background=1048576"
    "memorysetup-job-temp-allocator-reduction-small-platforms=262144"
    "memorysetup-allocator-temp-initial-block-size-main=262144"
    "memorysetup-allocator-temp-initial-block-size-worker=262144"
    "memorysetup-temp-allocator-size-background-worker=32768"
    "memorysetup-temp-allocator-size-job-worker=262144"
    "memorysetup-temp-allocator-size-preload-manager=33554432"
    "memorysetup-temp-allocator-size-nav-mesh-worker=65536"
    "memorysetup-temp-allocator-size-audio-worker=65536"
    "memorysetup-temp-allocator-size-cloud-worker=32768"
    "memorysetup-temp-allocator-size-gi-baking-worker=262144"
    "memorysetup-temp-allocator-size-gfx=262144"
Player connection [30216] Host "[IP] 192.168.0.67 [Port] 0 [Flags] 2 [Guid] 2017069376 [EditorId] 2017069376 [Version] 1048832 [Id] WindowsEditor(7,Sebawstian) [Debug] 1 [PackageName] WindowsEditor [ProjectName] Editor" joined multi-casting on [225.0.0.222:54997]...

Player connection [30216] Host "[IP] 192.168.0.67 [Port] 0 [Flags] 2 [Guid] 2017069376 [EditorId] 2017069376 [Version] 1048832 [Id] WindowsEditor(7,Sebawstian) [Debug] 1 [PackageName] WindowsEditor [ProjectName] Editor" joined alternative multi-casting on [225.0.0.222:34997]...

[Physics::Module] Initialized MultithreadedJobDispatcher with 11 workers.
Refreshing native plugins compatible for Editor in 6.92 ms, found 3 plugins.
Preloading 0 native plugins for Editor in 0.00 ms.
Initialize engine version: 2022.3.15f1 (b58023a2b463)
[Subsystems] Discovering subsystems at path D:/2022.3.15f1/Editor/Data/Resources/UnitySubsystems
[Subsystems] Discovering subsystems at path D:/Unity Projects D/FriedEgg/Assets
GfxDevice: creating device client; threaded=0; jobified=0
Direct3D:
    Version:  Direct3D 11.0 [level 11.1]
    Renderer: NVIDIA GeForce RTX 4060 (ID=0x2882)
    Vendor:   NVIDIA
    VRAM:     7957 MB
    Driver:   32.0.15.8097
Initialize mono
Mono path[0] = 'D:/2022.3.15f1/Editor/Data/Managed'
Mono path[1] = 'D:/2022.3.15f1/Editor/Data/MonoBleedingEdge/lib/mono/unityjit-win32'
Mono config path = 'D:/2022.3.15f1/Editor/Data/MonoBleedingEdge/etc'
Using monoOptions --debugger-agent=transport=dt_socket,embedding=1,server=y,suspend=n,address=127.0.0.1:56792
Begin MonoManager ReloadAssembly
Registering precompiled unity dll's ...
Register platform support module: D:/2022.3.15f1/Editor/Data/PlaybackEngines/WindowsStandaloneSupport/UnityEditor.WindowsStandalone.Extensions.dll
Registered in 0.001575 seconds.
- Loaded All Assemblies, in  0.232 seconds
Native extension for WindowsStandalone target not found
Mono: successfully reloaded assembly
- Finished resetting the current domain, in  0.184 seconds
Domain Reload Profiling: 416ms
	BeginReloadAssembly (74ms)
		ExecutionOrderSort (0ms)
		DisableScriptedObjects (0ms)
		BackupInstance (0ms)
		ReleaseScriptingObjects (0ms)
		CreateAndSetChildDomain (1ms)
	RebuildCommonClasses (23ms)
	RebuildNativeTypeToScriptingClass (7ms)
	initialDomainReloadingComplete (34ms)
	LoadAllAssembliesAndSetupDomain (93ms)
		LoadAssemblies (74ms)
		RebuildTransferFunctionScriptingTraits (0ms)
		AnalyzeDomain (92ms)
			TypeCache.Refresh (91ms)
				TypeCache.ScanAssembly (81ms)
			ScanForSourceGeneratedMonoScriptInfo (0ms)
			ResolveRequiredComponents (0ms)
	FinalizeReload (184ms)
		ReleaseScriptCaches (0ms)
		RebuildScriptCaches (0ms)
		SetupLoadedEditorAssemblies (145ms)
			LogAssemblyErrors (0ms)
			InitializePlatformSupportModulesInManaged (5ms)
			SetLoadedEditorAssemblies (5ms)
			RefreshPlugins (0ms)
			BeforeProcessingInitializeOnLoad (1ms)
			ProcessInitializeOnLoadAttributes (101ms)
			ProcessInitializeOnLoadMethodAttributes (33ms)
			AfterProcessingInitializeOnLoad (0ms)
			EditorAssembliesLoaded (0ms)
		ExecutionOrderSort2 (0ms)
		AwakeInstancesAfterBackupRestoration (0ms)
========================================================================
Worker process is ready to serve import requests
Begin MonoManager ReloadAssembly
- Loaded All Assemblies, in  0.411 seconds
Refreshing native plugins compatible for Editor in 1.70 ms, found 3 plugins.
Native extension for WindowsStandalone target not found
Mono: successfully reloaded assembly
- Finished resetting the current domain, in  0.527 seconds
Domain Reload Profiling: 938ms
	BeginReloadAssembly (94ms)
		ExecutionOrderSort (0ms)
		DisableScriptedObjects (3ms)
		BackupInstance (0ms)
		ReleaseScriptingObjects (0ms)
		CreateAndSetChildDomain (14ms)
	RebuildCommonClasses (22ms)
	RebuildNativeTypeToScriptingClass (7ms)
	initialDomainReloadingComplete (27ms)
	LoadAllAssembliesAndSetupDomain (262ms)
		LoadAssemblies (186ms)
		RebuildTransferFunctionScriptingTraits (0ms)
		AnalyzeDomain (130ms)
			TypeCache.Refresh (112ms)
				TypeCache.ScanAssembly (103ms)
			ScanForSourceGeneratedMonoScriptInfo (12ms)
			ResolveRequiredComponents (4ms)
	FinalizeReload (527ms)
		ReleaseScriptCaches (0ms)
		RebuildScriptCaches (0ms)
		SetupLoadedEditorAssemblies (409ms)
			LogAssemblyErrors (0ms)
			InitializePlatformSupportModulesInManaged (3ms)
			SetLoadedEditorAssemblies (3ms)
			RefreshPlugins (0ms)
			BeforeProcessingInitializeOnLoad (38ms)
			ProcessInitializeOnLoadAttributes (348ms)
			ProcessInitializeOnLoadMethodAttributes (16ms)
			AfterProcessingInitializeOnLoad (1ms)
			EditorAssembliesLoaded (0ms)
		ExecutionOrderSort2 (0ms)
		AwakeInstancesAfterBackupRestoration (4ms)
Launched and connected shader compiler UnityShaderCompiler.exe after 0.03 seconds
Refreshing native plugins compatible for Editor in 1.56 ms, found 3 plugins.
Preloading 0 native plugins for Editor in 0.00 ms.
Unloading 3511 Unused Serialized files (Serialized files now loaded: 0)
Unloading 41 unused Assets / (59.6 KB). Loaded Objects now: 3972.
Memory consumption went from 210.6 MB to 210.5 MB.
Total: 2.527500 ms (FindLiveObjects: 0.170600 ms CreateObjectMapping: 0.074100 ms MarkObjects: 2.109600 ms  DeleteObjects: 0.172400 ms)

AssetImportParameters requested are different than current active one (requested -> active):
  custom:container-demuxer-ogg: 62fdf1f143b41e24485cea50d1cbac27 -> 
  custom:video-codec-MediaFoundation-h265: 746d11721c4dcdbdad8f713fa42b33f4 -> 
  custom:video-decoder-ogg-theora: a1e56fd34408186e4bbccfd4996cb3dc -> 
  custom:framework-win-MediaFoundation: 216162199b28c13a410421893ffa2e32 -> 
  custom:CustomObjectIndexerAttribute: 43b350a4d6e6d1791af0b5038c4bea17 -> 
  custom:container-demuxer-webm: 4f35f7cbe854078d1ac9338744f61a02 -> 
  custom:container-muxer-webm: aa71ff27fc2769a1b78a27578f13a17b -> 
  custom:video-decoder-webm-vp8: 9c59270c3fd7afecdb556c50c9e8de78 -> 
  custom:SearchIndexIgnoredProperties: e643bd26f0fe6173181afceb89e7c659 -> 
  custom:AudioImporter_EditorPlatform: d09bf68614088b80899f8185d706f6e7 -> 
  custom:video-encoder-webm-vp8: eb34c28f22e8b96e1ab97ce403110664 -> 
  custom:audio-decoder-ogg-vorbis: bf7c407c2cedff20999df2af8eb42d56 -> 
  custom:audio-encoder-webm-vorbis: bf7c407c2cedff20999df2af8eb42d56 -> 
========================================================================
Received Import Request.
  Time since last request: 40183.640010 seconds.
  path: Assets/kitchen props/fbx
  artifactKey: Guid(e8b7e99b48334fe49b6354c59c15bddd) Importer(815301076,1909f56bfc062723c751e8b465ee728b)
Start importing Assets/kitchen props/fbx using Guid(e8b7e99b48334fe49b6354c59c15bddd) Importer(815301076,1909f56bfc062723c751e8b465ee728b)  -> (artifact id: 'cc29433ee97f55ab3629c77c6864c587') in 0.002128 seconds
Number of updated asset objects reloaded before import = 0
Number of asset objects unloaded after import = 0
========================================================================
Received Import Request.
  Time since last request: 0.041362 seconds.
  path: Assets/kitchen props/fbx/beer_bottle.fbx
  artifactKey: Guid(4331401995ae1614e9217e8cdb1f0b35) Importer(815301076,1909f56bfc062723c751e8b465ee728b)
Start importing Assets/kitchen props/fbx/beer_bottle.fbx using Guid(4331401995ae1614e9217e8cdb1f0b35) Importer(815301076,1909f56bfc062723c751e8b465ee728b)  -> (artifact id: '76c87b36ea734ab947b69ffc8804d1cc') in 0.131090 seconds
Number of updated asset objects reloaded before import = 0
Number of asset objects unloaded after import = 9
========================================================================
Received Import Request.
  Time since last request: 0.000022 seconds.
  path: Assets/kitchen props/fbx/pizza_box_semi_close_empty.fbx
  artifactKey: Guid(23d626eff9f98cb4abcba2927cf6e847) Importer(815301076,1909f56bfc062723c751e8b465ee728b)
Start importing Assets/kitchen props/fbx/pizza_box_semi_close_empty.fbx using Guid(23d626eff9f98cb4abcba2927cf6e847) Importer(815301076,1909f56bfc062723c751e8b465ee728b)  -> (artifact id: '610f0060e9a2d63447052f369513dec3') in 0.030949 seconds
Number of updated asset objects reloaded before import = 0
Number of asset objects unloaded after import = 9
========================================================================
Received Import Request.
  Time since last request: 0.000024 seconds.
  path: Assets/kitchen props/fbx/spoon.fbx
  artifactKey: Guid(623d578e6c04c284c84c62f93731917b) Importer(815301076,1909f56bfc062723c751e8b465ee728b)
Start importing Assets/kitchen props/fbx/spoon.fbx using Guid(623d578e6c04c284c84c62f93731917b) Importer(815301076,1909f56bfc062723c751e8b465ee728b)  -> (artifact id: '5b83bd1605704240c18cb03d992d1998') in 0.028415 seconds
Number of updated asset objects reloaded before import = 0
Number of asset objects unloaded after import = 9
========================================================================
Received Import Request.
  Time since last request: 0.000015 seconds.
  path: Assets/kitchen props/fbx/empty_glass.fbx
  artifactKey: Guid(2a78f457cac39ce48808165301ca8960) Importer(815301076,1909f56bfc062723c751e8b465ee728b)
Start importing Assets/kitchen props/fbx/empty_glass.fbx using Guid(2a78f457cac39ce48808165301ca8960) Importer(815301076,1909f56bfc062723c751e8b465ee728b)  -> (artifact id: '6148a69742d06ebf92a1f072f9b59325') in 0.103822 seconds
Number of updated asset objects reloaded before import = 0
Number of asset objects unloaded after import = 10
========================================================================
Received Import Request.
  Time since last request: 0.000017 seconds.
  path: Assets/kitchen props/fbx/pizza_half.fbx
  artifactKey: Guid(300e1903aac8a4c4394a7f977b1c7f9d) Importer(815301076,1909f56bfc062723c751e8b465ee728b)
Start importing Assets/kitchen props/fbx/pizza_half.fbx using Guid(300e1903aac8a4c4394a7f977b1c7f9d) Importer(815301076,1909f56bfc062723c751e8b465ee728b)  -> (artifact id: '0cfb224f81ff7fc3fb6fe5d936ea1013') in 0.024101 seconds
Number of updated asset objects reloaded before import = 0
Number of asset objects unloaded after import = 11
========================================================================
Received Import Request.
  Time since last request: 0.000022 seconds.
  path: Assets/kitchen props/fbx/toasted_toast.fbx
  artifactKey: Guid(fd8d596ef7dc41a45b599146694d876e) Importer(815301076,1909f56bfc062723c751e8b465ee728b)
Start importing Assets/kitchen props/fbx/toasted_toast.fbx using Guid(fd8d596ef7dc41a45b599146694d876e) Importer(815301076,1909f56bfc062723c751e8b465ee728b)  -> (artifact id: '3fa461779995a0a5e058d6a1d2569fb7') in 0.022778 seconds
Number of updated asset objects reloaded before import = 0
Number of asset objects unloaded after import = 9
========================================================================
Received Import Request.
  Time since last request: 0.000017 seconds.
  path: Assets/kitchen props/fbx/fork.fbx
  artifactKey: Guid(8ed2a3120e76a894697b86a9cdcc77c4) Importer(815301076,1909f56bfc062723c751e8b465ee728b)
Start importing Assets/kitchen props/fbx/fork.fbx using Guid(8ed2a3120e76a894697b86a9cdcc77c4) Importer(815301076,1909f56bfc062723c751e8b465ee728b)  -> (artifact id: '0b7d02f592864a9287d659e431cdc706') in 0.020359 seconds
Number of updated asset objects reloaded before import = 0
Number of asset objects unloaded after import = 9
========================================================================
Received Import Request.
  Time since last request: 0.000018 seconds.
  path: Assets/kitchen props/fbx/glass_of_beer.fbx
  artifactKey: Guid(7bd8fd91288b20549a2f4c27f29a8e50) Importer(815301076,1909f56bfc062723c751e8b465ee728b)
Start importing Assets/kitchen props/fbx/glass_of_beer.fbx using Guid(7bd8fd91288b20549a2f4c27f29a8e50) Importer(815301076,1909f56bfc062723c751e8b465ee728b)  -> (artifact id: 'd6d5f6131b36a3982733cd17818c7208') in 0.027241 seconds
Number of updated asset objects reloaded before import = 0
Number of asset objects unloaded after import = 12
========================================================================
Received Import Request.
  Time since last request: 0.000034 seconds.
  path: Assets/kitchen props/fbx/chocolate_bar_close.fbx
  artifactKey: Guid(50f8261263b6f584aa61dfa4e7479bf0) Importer(815301076,1909f56bfc062723c751e8b465ee728b)
Start importing Assets/kitchen props/fbx/chocolate_bar_close.fbx using Guid(50f8261263b6f584aa61dfa4e7479bf0) Importer(815301076,1909f56bfc062723c751e8b465ee728b)  -> (artifact id: 'c3727cfa9e75f26ed358f7f014f5bbe7') in 0.024778 seconds
Number of updated asset objects reloaded before import = 0
Number of asset objects unloaded after import = 9
========================================================================
Received Import Request.
  Time since last request: 0.000015 seconds.
  path: Assets/kitchen props/fbx/toast.fbx
  artifactKey: Guid(e7bd70e75be577e48bc703876e7379b4) Importer(815301076,1909f56bfc062723c751e8b465ee728b)
Start importing Assets/kitchen props/fbx/toast.fbx using Guid(e7bd70e75be577e48bc703876e7379b4) Importer(815301076,1909f56bfc062723c751e8b465ee728b)  -> (artifact id: '0640c5c3a5f237c35dd2c237bae26350') in 0.017077 seconds
Number of updated asset objects reloaded before import = 0
Number of asset objects unloaded after import = 9
========================================================================
Received Import Request.
  Time since last request: 0.000023 seconds.
  path: Assets/kitchen props/fbx/can_beer.fbx
  artifactKey: Guid(f2788669234493e4184dbc8adb00e16f) Importer(815301076,1909f56bfc062723c751e8b465ee728b)
Start importing Assets/kitchen props/fbx/can_beer.fbx using Guid(f2788669234493e4184dbc8adb00e16f) Importer(815301076,1909f56bfc062723c751e8b465ee728b)  -> (artifact id: '04d01a07f72414793f63e8e07e4ed665') in 0.017807 seconds
Number of updated asset objects reloaded before import = 0
Number of asset objects unloaded after import = 9
========================================================================
Received Import Request.
  Time since last request: 0.000018 seconds.
  path: Assets/kitchen props/fbx/Choco_Munch_box.fbx
  artifactKey: Guid(e8e329abd207d614784eb149b0983e87) Importer(815301076,1909f56bfc062723c751e8b465ee728b)
Start importing Assets/kitchen props/fbx/Choco_Munch_box.fbx using Guid(e8e329abd207d614784eb149b0983e87) Importer(815301076,1909f56bfc062723c751e8b465ee728b)  -> (artifact id: '065d3191bbb4b47c7d79261da2fa96ef') in 0.019043 seconds
Number of updated asset objects reloaded before import = 0
Number of asset objects unloaded after import = 9
========================================================================
Received Import Request.
  Time since last request: 0.000018 seconds.
  path: Assets/kitchen props/fbx/can_fantac.fbx
  artifactKey: Guid(8f08459a2c92dec4a9f4c831054f75de) Importer(815301076,1909f56bfc062723c751e8b465ee728b)
Start importing Assets/kitchen props/fbx/can_fantac.fbx using Guid(8f08459a2c92dec4a9f4c831054f75de) Importer(815301076,1909f56bfc062723c751e8b465ee728b)  -> (artifact id: 'fb83717b3e44517ed645902d52c07fef') in 0.019174 seconds
Number of updated asset objects reloaded before import = 0
Number of asset objects unloaded after import = 9
========================================================================
Received Import Request.
  Time since last request: 0.000015 seconds.
  path: Assets/kitchen props/fbx/glass_of_water.fbx
  artifactKey: Guid(cf3ed5a43631ab6439e80ab3a6acf6b8) Importer(815301076,1909f56bfc062723c751e8b465ee728b)
Start importing Assets/kitchen props/fbx/glass_of_water.fbx using Guid(cf3ed5a43631ab6439e80ab3a6acf6b8) Importer(815301076,1909f56bfc062723c751e8b465ee728b)  -> (artifact id: 'e3c8c93e21285a885947a6a36093b923') in 0.026771 seconds
Number of updated asset objects reloaded before import = 0
Number of asset objects unloaded after import = 12
========================================================================
Received Import Request.
  Time since last request: 430.418568 seconds.
  path: Assets/kitchen props/glb
  artifactKey: Guid(eae524822a6a4f246b9204e38f32ab4e) Importer(815301076,1909f56bfc062723c751e8b465ee728b)
Start importing Assets/kitchen props/glb using Guid(eae524822a6a4f246b9204e38f32ab4e) Importer(815301076,1909f56bfc062723c751e8b465ee728b)  -> (artifact id: 'c2967f3ac9d2f6b39abae10fdc3792a5') in 0.000943 seconds
Number of updated asset objects reloaded before import = 0
Number of asset objects unloaded after import = 0
========================================================================
Received Prepare
Begin MonoManager ReloadAssembly
- Loaded All Assemblies, in  0.367 seconds
Refreshing native plugins compatible for Editor in 2.22 ms, found 3 plugins.
Native extension for WindowsStandalone target not found
Mono: successfully reloaded assembly
- Finished resetting the current domain, in  0.905 seconds
Domain Reload Profiling: 1272ms
	BeginReloadAssembly (144ms)
		ExecutionOrderSort (0ms)
		DisableScriptedObjects (3ms)
		BackupInstance (0ms)
		ReleaseScriptingObjects (0ms)
		CreateAndSetChildDomain (39ms)
	RebuildCommonClasses (24ms)
	RebuildNativeTypeToScriptingClass (8ms)
	initialDomainReloadingComplete (20ms)
	LoadAllAssembliesAndSetupDomain (170ms)
		LoadAssemblies (233ms)
		RebuildTransferFunctionScriptingTraits (0ms)
		AnalyzeDomain (13ms)
			TypeCache.Refresh (6ms)
				TypeCache.ScanAssembly (0ms)
			ScanForSourceGeneratedMonoScriptInfo (0ms)
			ResolveRequiredComponents (6ms)
	FinalizeReload (905ms)
		ReleaseScriptCaches (0ms)
		RebuildScriptCaches (0ms)
		SetupLoadedEditorAssemblies (537ms)
			LogAssemblyErrors (0ms)
			InitializePlatformSupportModulesInManaged (5ms)
			SetLoadedEditorAssemblies (4ms)
			RefreshPlugins (0ms)
			BeforeProcessingInitializeOnLoad (52ms)
			ProcessInitializeOnLoadAttributes (453ms)
			ProcessInitializeOnLoadMethodAttributes (21ms)
			AfterProcessingInitializeOnLoad (1ms)
			EditorAssembliesLoaded (0ms)
		ExecutionOrderSort2 (0ms)
		AwakeInstancesAfterBackupRestoration (7ms)
Refreshing native plugins compatible for Editor in 1.65 ms, found 3 plugins.
Preloading 0 native plugins for Editor in 0.00 ms.
Unloading 3489 Unused Serialized files (Serialized files now loaded: 0)
Unloading 30 unused Assets / (33.7 KB). Loaded Objects now: 4020.
Memory consumption went from 211.8 MB to 211.8 MB.
Total: 3.432400 ms (FindLiveObjects: 0.341400 ms CreateObjectMapping: 0.168500 ms MarkObjects: 2.866700 ms  DeleteObjects: 0.054900 ms)

Prepare: number of updated asset objects reloaded= 0
AssetImportParameters requested are different than current active one (requested -> active):
  custom:container-demuxer-ogg: 62fdf1f143b41e24485cea50d1cbac27 -> 
  custom:video-codec-MediaFoundation-h265: 746d11721c4dcdbdad8f713fa42b33f4 -> 
  custom:video-decoder-ogg-theora: a1e56fd34408186e4bbccfd4996cb3dc -> 
  custom:framework-win-MediaFoundation: 216162199b28c13a410421893ffa2e32 -> 
  custom:CustomObjectIndexerAttribute: 43b350a4d6e6d1791af0b5038c4bea17 -> 
  custom:container-demuxer-webm: 4f35f7cbe854078d1ac9338744f61a02 -> 
  custom:container-muxer-webm: aa71ff27fc2769a1b78a27578f13a17b -> 
  custom:video-decoder-webm-vp8: 9c59270c3fd7afecdb556c50c9e8de78 -> 
  custom:SearchIndexIgnoredProperties: e643bd26f0fe6173181afceb89e7c659 -> 
  custom:AudioImporter_EditorPlatform: d09bf68614088b80899f8185d706f6e7 -> 
  custom:video-encoder-webm-vp8: eb34c28f22e8b96e1ab97ce403110664 -> 
  custom:audio-decoder-ogg-vorbis: bf7c407c2cedff20999df2af8eb42d56 -> 
  custom:audio-encoder-webm-vorbis: bf7c407c2cedff20999df2af8eb42d56 -> 
========================================================================
Received Prepare
Begin MonoManager ReloadAssembly
- Loaded All Assemblies, in  0.353 seconds
Refreshing native plugins compatible for Editor in 3.07 ms, found 3 plugins.
Native extension for WindowsStandalone target not found
Mono: successfully reloaded assembly
- Finished resetting the current domain, in  0.841 seconds
Domain Reload Profiling: 1195ms
	BeginReloadAssembly (138ms)
		ExecutionOrderSort (0ms)
		DisableScriptedObjects (4ms)
		BackupInstance (0ms)
		ReleaseScriptingObjects (0ms)
		CreateAndSetChildDomain (32ms)
	RebuildCommonClasses (23ms)
	RebuildNativeTypeToScriptingClass (8ms)
	initialDomainReloadingComplete (19ms)
	LoadAllAssembliesAndSetupDomain (165ms)
		LoadAssemblies (222ms)
		RebuildTransferFunctionScriptingTraits (0ms)
		AnalyzeDomain (18ms)
			TypeCache.Refresh (7ms)
				TypeCache.ScanAssembly (0ms)
			ScanForSourceGeneratedMonoScriptInfo (0ms)
			ResolveRequiredComponents (9ms)
	FinalizeReload (842ms)
		ReleaseScriptCaches (0ms)
		RebuildScriptCaches (0ms)
		SetupLoadedEditorAssemblies (534ms)
			LogAssemblyErrors (0ms)
			InitializePlatformSupportModulesInManaged (3ms)
			SetLoadedEditorAssemblies (4ms)
			RefreshPlugins (0ms)
			BeforeProcessingInitializeOnLoad (48ms)
			ProcessInitializeOnLoadAttributes (454ms)
			ProcessInitializeOnLoadMethodAttributes (22ms)
			AfterProcessingInitializeOnLoad (2ms)
			EditorAssembliesLoaded (0ms)
		ExecutionOrderSort2 (0ms)
		AwakeInstancesAfterBackupRestoration (7ms)
Refreshing native plugins compatible for Editor in 2.38 ms, found 3 plugins.
Preloading 0 native plugins for Editor in 0.00 ms.
Unloading 3490 Unused Serialized files (Serialized files now loaded: 0)
Unloading 30 unused Assets / (33.7 KB). Loaded Objects now: 4024.
Memory consumption went from 214.0 MB to 214.0 MB.
Total: 2.706900 ms (FindLiveObjects: 0.202400 ms CreateObjectMapping: 0.092300 ms MarkObjects: 2.353400 ms  DeleteObjects: 0.057800 ms)

Prepare: number of updated asset objects reloaded= 0
AssetImportParameters requested are different than current active one (requested -> active):
  custom:container-demuxer-ogg: 62fdf1f143b41e24485cea50d1cbac27 -> 
  custom:video-codec-MediaFoundation-h265: 746d11721c4dcdbdad8f713fa42b33f4 -> 
  custom:video-decoder-ogg-theora: a1e56fd34408186e4bbccfd4996cb3dc -> 
  custom:framework-win-MediaFoundation: 216162199b28c13a410421893ffa2e32 -> 
  custom:CustomObjectIndexerAttribute: 43b350a4d6e6d1791af0b5038c4bea17 -> 
  custom:container-demuxer-webm: 4f35f7cbe854078d1ac9338744f61a02 -> 
  custom:container-muxer-webm: aa71ff27fc2769a1b78a27578f13a17b -> 
  custom:video-decoder-webm-vp8: 9c59270c3fd7afecdb556c50c9e8de78 -> 
  custom:SearchIndexIgnoredProperties: e643bd26f0fe6173181afceb89e7c659 -> 
  custom:AudioImporter_EditorPlatform: d09bf68614088b80899f8185d706f6e7 -> 
  custom:video-encoder-webm-vp8: eb34c28f22e8b96e1ab97ce403110664 -> 
  custom:audio-decoder-ogg-vorbis: bf7c407c2cedff20999df2af8eb42d56 -> 
  custom:audio-encoder-webm-vorbis: bf7c407c2cedff20999df2af8eb42d56 -> 
========================================================================
Received Import Request.
  Time since last request: 694.287572 seconds.
  path: Assets/kitchen props 1
  artifactKey: Guid(2d818030af7b7c24292199db4e9ff8da) Importer(815301076,1909f56bfc062723c751e8b465ee728b)
Start importing Assets/kitchen props 1 using Guid(2d818030af7b7c24292199db4e9ff8da) Importer(815301076,1909f56bfc062723c751e8b465ee728b)  -> (artifact id: 'a40a6c4990206f752b32fe4353e44240') in 0.005980 seconds
Number of updated asset objects reloaded before import = 0
Number of asset objects unloaded after import = 0
========================================================================
Received Import Request.
  Time since last request: 2.178160 seconds.
  path: Assets/kitchen props 1/fbx
  artifactKey: Guid(aac8621dbad349c48a512f2f0fc050b2) Importer(815301076,1909f56bfc062723c751e8b465ee728b)
Start importing Assets/kitchen props 1/fbx using Guid(aac8621dbad349c48a512f2f0fc050b2) Importer(815301076,1909f56bfc062723c751e8b465ee728b)  -> (artifact id: '41f1cf36a867786b934ce9ddcbcebb10') in 0.000514 seconds
Number of updated asset objects reloaded before import = 0
Number of asset objects unloaded after import = 0
========================================================================
Received Import Request.
  Time since last request: 0.034662 seconds.
  path: Assets/kitchen props 1/fbx/beer_bottle.fbx
  artifactKey: Guid(7c68ac127da7cc8468eec36af57e11b9) Importer(815301076,1909f56bfc062723c751e8b465ee728b)
Start importing Assets/kitchen props 1/fbx/beer_bottle.fbx using Guid(7c68ac127da7cc8468eec36af57e11b9) Importer(815301076,1909f56bfc062723c751e8b465ee728b)  -> (artifact id: 'f95fca019bb9c2392e15bc5abc74b8d8') in 0.105305 seconds
Number of updated asset objects reloaded before import = 0
Number of asset objects unloaded after import = 9
========================================================================
Received Import Request.
  Time since last request: 0.000019 seconds.
  path: Assets/kitchen props 1/fbx/bowl_04.fbx
  artifactKey: Guid(6c2d819e9ebe9a74a8d3116ed6479fa6) Importer(815301076,1909f56bfc062723c751e8b465ee728b)
Start importing Assets/kitchen props 1/fbx/bowl_04.fbx using Guid(6c2d819e9ebe9a74a8d3116ed6479fa6) Importer(815301076,1909f56bfc062723c751e8b465ee728b)  -> (artifact id: 'b7f1e41d03e247b794d62252a56e2cfa') in 0.058575 seconds
Number of updated asset objects reloaded before import = 0
Number of asset objects unloaded after import = 9
========================================================================
Received Import Request.
  Time since last request: 0.000023 seconds.
  path: Assets/kitchen props 1/fbx/chocolate_bar_close.fbx
  artifactKey: Guid(393e25fdc8160b64c9525ee1c1bf1abd) Importer(815301076,1909f56bfc062723c751e8b465ee728b)
Start importing Assets/kitchen props 1/fbx/chocolate_bar_close.fbx using Guid(393e25fdc8160b64c9525ee1c1bf1abd) Importer(815301076,1909f56bfc062723c751e8b465ee728b)  -> (artifact id: 'c852d9d4c11160b7f87cc2887b0af4eb') in 0.046263 seconds
Number of updated asset objects reloaded before import = 0
Number of asset objects unloaded after import = 9
========================================================================
Received Import Request.
  Time since last request: 0.000015 seconds.
  path: Assets/kitchen props 1/fbx/toaster.fbx
  artifactKey: Guid(e2a360e64c5af1342b8bba32c406c6a8) Importer(815301076,1909f56bfc062723c751e8b465ee728b)
Start importing Assets/kitchen props 1/fbx/toaster.fbx using Guid(e2a360e64c5af1342b8bba32c406c6a8) Importer(815301076,1909f56bfc062723c751e8b465ee728b)  -> (artifact id: '05bdf1b59a0044907f721160c7f8f7cb') in 0.038985 seconds
Number of updated asset objects reloaded before import = 0
Number of asset objects unloaded after import = 11
========================================================================
Received Import Request.
  Time since last request: 0.000017 seconds.
  path: Assets/kitchen props 1/fbx/spoon.fbx
  artifactKey: Guid(4b99345cf34a3c04f8a5c3cf3ce109ce) Importer(815301076,1909f56bfc062723c751e8b465ee728b)
Start importing Assets/kitchen props 1/fbx/spoon.fbx using Guid(4b99345cf34a3c04f8a5c3cf3ce109ce) Importer(815301076,1909f56bfc062723c751e8b465ee728b)  -> (artifact id: '0fac2c31d9050f8e4e71b23bfec5b499') in 0.036670 seconds
Number of updated asset objects reloaded before import = 0
Number of asset objects unloaded after import = 9
========================================================================
Received Import Request.
  Time since last request: 0.000017 seconds.
  path: Assets/kitchen props 1/fbx/fridge_close.fbx
  artifactKey: Guid(f4ed9e3aa8d22cd49bd2764329ea6309) Importer(815301076,1909f56bfc062723c751e8b465ee728b)
Start importing Assets/kitchen props 1/fbx/fridge_close.fbx using Guid(f4ed9e3aa8d22cd49bd2764329ea6309) Importer(815301076,1909f56bfc062723c751e8b465ee728b)  -> (artifact id: '0246b269bb82dbed07f26a8cb9ab6cab') in 0.061973 seconds
Number of updated asset objects reloaded before import = 0
Number of asset objects unloaded after import = 14
========================================================================
Received Import Request.
  Time since last request: 0.000021 seconds.
  path: Assets/kitchen props 1/fbx/can_cola_cola.fbx
  artifactKey: Guid(9587be6f0b697c748b1ffba604584b74) Importer(815301076,1909f56bfc062723c751e8b465ee728b)
Start importing Assets/kitchen props 1/fbx/can_cola_cola.fbx using Guid(9587be6f0b697c748b1ffba604584b74) Importer(815301076,1909f56bfc062723c751e8b465ee728b)  -> (artifact id: 'cd86cd9011d1ed63759bee21bd5076ab') in 0.051436 seconds
Number of updated asset objects reloaded before import = 0
Number of asset objects unloaded after import = 9
========================================================================
Received Import Request.
  Time since last request: 0.000022 seconds.
  path: Assets/kitchen props 1/fbx/chocolate_bar_open.fbx
  artifactKey: Guid(cc57c9a7b5efd164c842b612443f62fc) Importer(815301076,1909f56bfc062723c751e8b465ee728b)
Start importing Assets/kitchen props 1/fbx/chocolate_bar_open.fbx using Guid(cc57c9a7b5efd164c842b612443f62fc) Importer(815301076,1909f56bfc062723c751e8b465ee728b)  -> (artifact id: '96db342c066127d48c42cc13c1b56fe6') in 0.024193 seconds
Number of updated asset objects reloaded before import = 0
Number of asset objects unloaded after import = 11
========================================================================
Received Import Request.
  Time since last request: 0.000025 seconds.
  path: Assets/kitchen props 1/fbx/empty_glass.fbx
  artifactKey: Guid(7a36b5e5122c8a349912079b4309ce7e) Importer(815301076,1909f56bfc062723c751e8b465ee728b)
Start importing Assets/kitchen props 1/fbx/empty_glass.fbx using Guid(7a36b5e5122c8a349912079b4309ce7e) Importer(815301076,1909f56bfc062723c751e8b465ee728b)  -> (artifact id: 'bbb1f152f06a9bb5dd3665deebcc2367') in 0.023861 seconds
Number of updated asset objects reloaded before import = 0
Number of asset objects unloaded after import = 10
========================================================================
Received Import Request.
  Time since last request: 0.000026 seconds.
  path: Assets/kitchen props 1/fbx/chair.fbx
  artifactKey: Guid(5ac7e2b85cfaaf1408302df0a79dcdac) Importer(815301076,1909f56bfc062723c751e8b465ee728b)
Start importing Assets/kitchen props 1/fbx/chair.fbx using Guid(5ac7e2b85cfaaf1408302df0a79dcdac) Importer(815301076,1909f56bfc062723c751e8b465ee728b)  -> (artifact id: '620f15618074aaf24b52f6f1a35435fd') in 0.018773 seconds
Number of updated asset objects reloaded before import = 0
Number of asset objects unloaded after import = 9
========================================================================
Received Import Request.
  Time since last request: 0.000015 seconds.
  path: Assets/kitchen props 1/fbx/can_beer.fbx
  artifactKey: Guid(6afee0d9b16a7f046af4a6e8a87855a2) Importer(815301076,1909f56bfc062723c751e8b465ee728b)
Start importing Assets/kitchen props 1/fbx/can_beer.fbx using Guid(6afee0d9b16a7f046af4a6e8a87855a2) Importer(815301076,1909f56bfc062723c751e8b465ee728b)  -> (artifact id: '5ec3ea68d50dcfe09cbc2cb7196aa5fc') in 0.020007 seconds
Number of updated asset objects reloaded before import = 0
Number of asset objects unloaded after import = 9
========================================================================
Received Import Request.
  Time since last request: 0.000024 seconds.
  path: Assets/kitchen props 1/fbx/soda_bottle.fbx
  artifactKey: Guid(343f5b92be73324429b76d73c4abf6c5) Importer(815301076,1909f56bfc062723c751e8b465ee728b)
Start importing Assets/kitchen props 1/fbx/soda_bottle.fbx using Guid(343f5b92be73324429b76d73c4abf6c5) Importer(815301076,1909f56bfc062723c751e8b465ee728b)  -> (artifact id: 'dc76bace40a3c63e2e116d1b2244dba8') in 0.022950 seconds
Number of updated asset objects reloaded before import = 0
Number of asset objects unloaded after import = 11
========================================================================
Received Import Request.
  Time since last request: 0.000019 seconds.
  path: Assets/kitchen props 1/fbx/dirty_plate.fbx
  artifactKey: Guid(0193c71cec51cb540b60063634e932c7) Importer(815301076,1909f56bfc062723c751e8b465ee728b)
Start importing Assets/kitchen props 1/fbx/dirty_plate.fbx using Guid(0193c71cec51cb540b60063634e932c7) Importer(815301076,1909f56bfc062723c751e8b465ee728b)  -> (artifact id: 'd7e7a48829ae60d0062a4cf172117e68') in 0.020187 seconds
Number of updated asset objects reloaded before import = 0
Number of asset objects unloaded after import = 9
========================================================================
Received Import Request.
  Time since last request: 0.000017 seconds.
  path: Assets/kitchen props 1/fbx/Choco_Chumps_box.fbx
  artifactKey: Guid(520ce50396012944796e480d4b20ac59) Importer(815301076,1909f56bfc062723c751e8b465ee728b)
Start importing Assets/kitchen props 1/fbx/Choco_Chumps_box.fbx using Guid(520ce50396012944796e480d4b20ac59) Importer(815301076,1909f56bfc062723c751e8b465ee728b)  -> (artifact id: 'a21ea96bb67e51d2fd60cc361801f72c') in 0.018443 seconds
Number of updated asset objects reloaded before import = 0
Number of asset objects unloaded after import = 9
========================================================================
Received Import Request.
  Time since last request: 0.000018 seconds.
  path: Assets/kitchen props 1/fbx/knife.fbx
  artifactKey: Guid(d0abfa5e272296e448f9801e271d1b70) Importer(815301076,1909f56bfc062723c751e8b465ee728b)
Start importing Assets/kitchen props 1/fbx/knife.fbx using Guid(d0abfa5e272296e448f9801e271d1b70) Importer(815301076,1909f56bfc062723c751e8b465ee728b)  -> (artifact id: 'edacabc189e367cbddbe67a5d57bc4a8') in 0.018648 seconds
Number of updated asset objects reloaded before import = 0
Number of asset objects unloaded after import = 9
========================================================================
Received Import Request.
  Time since last request: 0.000017 seconds.
  path: Assets/kitchen props 1/fbx/pizza_full.fbx
  artifactKey: Guid(286ad032dba41514088d37a4ee56b026) Importer(815301076,1909f56bfc062723c751e8b465ee728b)
Start importing Assets/kitchen props 1/fbx/pizza_full.fbx using Guid(286ad032dba41514088d37a4ee56b026) Importer(815301076,1909f56bfc062723c751e8b465ee728b)  -> (artifact id: '638d5720323fa265f53a3580ada4e7f6') in 0.021753 seconds
Number of updated asset objects reloaded before import = 0
Number of asset objects unloaded after import = 11
========================================================================
Received Import Request.
  Time since last request: 0.000017 seconds.
  path: Assets/kitchen props 1/fbx/pizza_slice.fbx
  artifactKey: Guid(912a2784b9f13994a873a8eded3aec9b) Importer(815301076,1909f56bfc062723c751e8b465ee728b)
Start importing Assets/kitchen props 1/fbx/pizza_slice.fbx using Guid(912a2784b9f13994a873a8eded3aec9b) Importer(815301076,1909f56bfc062723c751e8b465ee728b)  -> (artifact id: '2e372352cbea4c273dceeafff763e8a1') in 0.018155 seconds
Number of updated asset objects reloaded before import = 0
Number of asset objects unloaded after import = 9
========================================================================
Received Import Request.
  Time since last request: 0.000024 seconds.
  path: Assets/kitchen props 1/fbx/can_fantac.fbx
  artifactKey: Guid(dafc4ca21291856458c5fab0f052ac88) Importer(815301076,1909f56bfc062723c751e8b465ee728b)
Start importing Assets/kitchen props 1/fbx/can_fantac.fbx using Guid(dafc4ca21291856458c5fab0f052ac88) Importer(815301076,1909f56bfc062723c751e8b465ee728b)  -> (artifact id: '2fd97a10e4cdb97a34a388bb4674c025') in 0.020291 seconds
Number of updated asset objects reloaded before import = 0
Number of asset objects unloaded after import = 9
========================================================================
Received Import Request.
  Time since last request: 0.000016 seconds.
  path: Assets/kitchen props 1/fbx/pizza_box_semi_close_with_pizza.fbx
  artifactKey: Guid(97eea3da9b284f24097dedbac6b79eb1) Importer(815301076,1909f56bfc062723c751e8b465ee728b)
Start importing Assets/kitchen props 1/fbx/pizza_box_semi_close_with_pizza.fbx using Guid(97eea3da9b284f24097dedbac6b79eb1) Importer(815301076,1909f56bfc062723c751e8b465ee728b)  -> (artifact id: 'fca3c75c268733b455a77401ed5c4f95') in 0.022922 seconds
Number of updated asset objects reloaded before import = 0
Number of asset objects unloaded after import = 11
========================================================================
Received Import Request.
  Time since last request: 0.000025 seconds.
  path: Assets/kitchen props 1/fbx/fork.fbx
  artifactKey: Guid(ff15f1773f8795e448111c5a4d2e394e) Importer(815301076,1909f56bfc062723c751e8b465ee728b)
Start importing Assets/kitchen props 1/fbx/fork.fbx using Guid(ff15f1773f8795e448111c5a4d2e394e) Importer(815301076,1909f56bfc062723c751e8b465ee728b)  -> (artifact id: 'c4723aac882038c92fc04773a240c2f2') in 0.018009 seconds
Number of updated asset objects reloaded before import = 0
Number of asset objects unloaded after import = 9
========================================================================
Received Import Request.
  Time since last request: 0.000016 seconds.
  path: Assets/kitchen props 1/fbx/Choco_Munch_box.fbx
  artifactKey: Guid(90483177bbccd4a4f90de411d43274b4) Importer(815301076,1909f56bfc062723c751e8b465ee728b)
Start importing Assets/kitchen props 1/fbx/Choco_Munch_box.fbx using Guid(90483177bbccd4a4f90de411d43274b4) Importer(815301076,1909f56bfc062723c751e8b465ee728b)  -> (artifact id: '9b6909b0f0d4bfb10c92dc6f866b539c') in 0.017973 seconds
Number of updated asset objects reloaded before import = 0
Number of asset objects unloaded after import = 9
========================================================================
Received Import Request.
  Time since last request: 0.000021 seconds.
  path: Assets/kitchen props 1/fbx/pizza_half.fbx
  artifactKey: Guid(4fcd338bd87432a4795ee702c6e69732) Importer(815301076,1909f56bfc062723c751e8b465ee728b)
Start importing Assets/kitchen props 1/fbx/pizza_half.fbx using Guid(4fcd338bd87432a4795ee702c6e69732) Importer(815301076,1909f56bfc062723c751e8b465ee728b)  -> (artifact id: 'e8c408ed2f4566a770b20985d3a3a519') in 0.021030 seconds
Number of updated asset objects reloaded before import = 0
Number of asset objects unloaded after import = 11
========================================================================
Received Prepare
Begin MonoManager ReloadAssembly
- Loaded All Assemblies, in  0.355 seconds
Refreshing native plugins compatible for Editor in 2.27 ms, found 3 plugins.
Native extension for WindowsStandalone target not found
Mono: successfully reloaded assembly
- Finished resetting the current domain, in  0.832 seconds
Domain Reload Profiling: 1187ms
	BeginReloadAssembly (132ms)
		ExecutionOrderSort (0ms)
		DisableScriptedObjects (3ms)
		BackupInstance (0ms)
		ReleaseScriptingObjects (0ms)
		CreateAndSetChildDomain (36ms)
	RebuildCommonClasses (22ms)
	RebuildNativeTypeToScriptingClass (8ms)
	initialDomainReloadingComplete (22ms)
	LoadAllAssembliesAndSetupDomain (170ms)
		LoadAssemblies (222ms)
		RebuildTransferFunctionScriptingTraits (0ms)
		AnalyzeDomain (15ms)
			TypeCache.Refresh (7ms)
				TypeCache.ScanAssembly (0ms)
			ScanForSourceGeneratedMonoScriptInfo (0ms)
			ResolveRequiredComponents (7ms)
	FinalizeReload (833ms)
		ReleaseScriptCaches (0ms)
		RebuildScriptCaches (0ms)
		SetupLoadedEditorAssemblies (507ms)
			LogAssemblyErrors (0ms)
			InitializePlatformSupportModulesInManaged (4ms)
			SetLoadedEditorAssemblies (4ms)
			RefreshPlugins (0ms)
			BeforeProcessingInitializeOnLoad (48ms)
			ProcessInitializeOnLoadAttributes (427ms)
			ProcessInitializeOnLoadMethodAttributes (23ms)
			AfterProcessingInitializeOnLoad (1ms)
			EditorAssembliesLoaded (0ms)
		ExecutionOrderSort2 (0ms)
		AwakeInstancesAfterBackupRestoration (6ms)
Refreshing native plugins compatible for Editor in 1.71 ms, found 3 plugins.
Preloading 0 native plugins for Editor in 0.00 ms.
Unloading 3489 Unused Serialized files (Serialized files now loaded: 0)
Unloading 30 unused Assets / (33.8 KB). Loaded Objects now: 4028.
Memory consumption went from 215.8 MB to 215.7 MB.
Total: 2.959500 ms (FindLiveObjects: 0.214100 ms CreateObjectMapping: 0.109300 ms MarkObjects: 2.579600 ms  DeleteObjects: 0.055600 ms)

Prepare: number of updated asset objects reloaded= 0
AssetImportParameters requested are different than current active one (requested -> active):
  custom:container-demuxer-ogg: 62fdf1f143b41e24485cea50d1cbac27 -> 
  custom:video-codec-MediaFoundation-h265: 746d11721c4dcdbdad8f713fa42b33f4 -> 
  custom:video-decoder-ogg-theora: a1e56fd34408186e4bbccfd4996cb3dc -> 
  custom:framework-win-MediaFoundation: 216162199b28c13a410421893ffa2e32 -> 
  custom:CustomObjectIndexerAttribute: 43b350a4d6e6d1791af0b5038c4bea17 -> 
  custom:container-demuxer-webm: 4f35f7cbe854078d1ac9338744f61a02 -> 
  custom:container-muxer-webm: aa71ff27fc2769a1b78a27578f13a17b -> 
  custom:video-decoder-webm-vp8: 9c59270c3fd7afecdb556c50c9e8de78 -> 
  custom:SearchIndexIgnoredProperties: e643bd26f0fe6173181afceb89e7c659 -> 
  custom:AudioImporter_EditorPlatform: d09bf68614088b80899f8185d706f6e7 -> 
  custom:video-encoder-webm-vp8: eb34c28f22e8b96e1ab97ce403110664 -> 
  custom:audio-decoder-ogg-vorbis: bf7c407c2cedff20999df2af8eb42d56 -> 
  custom:audio-encoder-webm-vorbis: bf7c407c2cedff20999df2af8eb42d56 -> 
Editor requested this worker to shutdown with reason: Scaling down because of idle timeout
TcpMessagingSession - receive error: operation aborted. errorcode: 995, details: The I/O operation has been aborted because of either a thread exit or an application request.
AssetImportWorker is now disconnected from the server
Process exiting
Exiting without the bug reporter. Application will terminate with return code 0